103.12.23 17:34 B C:\Documents and Settings\ronald\Meus documentos\physlets\physlets\classes\images\2lrhands.gif --> penta3.ufrgs.br /home/elektra/ProgramD/templates/html/physlets/classes/images 2lrhands.gif
103.12.23 17:34 B C:\Documents and Settings\ronald\Meus documentos\physlets\physlets\classes\images\2udhands.gif --> penta3.ufrgs.br /home/elektra/ProgramD/templates/html/physlets/classes/images 2udhands.gif
103.12.23 17:34 B C:\Documents and Settings\ronald\Meus documentos\physlets\physlets\classes\images\30ularrow.gif --> penta3.ufrgs.br /home/elektra/ProgramD/templates/html/physlets/classes/images 30ularrow.gif
103.12.23 17:34 B C:\Documents and Settings\ronald\Meus documentos\physlets\physlets\classes\images\30ularrow2.gif --> penta3.ufrgs.br /home/elektra/ProgramD/templates/html/physlets/classes/images 30ularrow2.gif
103.12.23 17:34 B C:\Documents and Settings\ronald\Meus documentos\physlets\physlets\classes\images\45ularrow.gif --> penta3.ufrgs.br /home/elektra/ProgramD/templates/html/physlets/classes/images 45ularrow.gif
103.12.23 17:34 B C:\Documents and Settings\ronald\Meus documentos\physlets\physlets\classes\images\4hands.gif --> penta3.ufrgs.br /home/elektra/ProgramD/templates/html/physlets/classes/images 4hands.gif
103.12.23 17:34 B C:\Documents and Settings\ronald\Meus documentos\physlets\physlets\classes\images\back.gif --> penta3.ufrgs.br /home/elektra/ProgramD/templates/html/physlets/classes/images back.gif
103.12.23 17:34 B C:\Documents and Settings\ronald\Meus documentos\physlets\physlets\classes\images\ball.gif --> penta3.ufrgs.br /home/elektra/ProgramD/templates/html/physlets/classes/images ball.gif
103.12.23 17:34 B C:\Documents and Settings\ronald\Meus documentos\physlets\physlets\classes\images\bat.gif --> penta3.ufrgs.br /home/elektra/ProgramD/templates/html/physlets/classes/images bat.gif
103.12.23 17:34 B C:\Documents and Settings\ronald\Meus documentos\physlets\physlets\classes\images\bball.gif --> penta3.ufrgs.br /home/elektra/ProgramD/templates/html/physlets/classes/images bball.gif
103.12.23 17:34 B C:\Documents and Settings\ronald\Meus documentos\physlets\physlets\classes\images\bdoughnut.gif --> penta3.ufrgs.br /home/elektra/ProgramD/templates/html/physlets/classes/images bdoughnut.gif
103.12.23 17:34 B C:\Documents and Settings\ronald\Meus documentos\physlets\physlets\classes\images\bg2.gif --> penta3.ufrgs.br /home/elektra/ProgramD/templates/html/physlets/classes/images bg2.gif
103.12.23 17:34 B C:\Documents and Settings\ronald\Meus documentos\physlets\physlets\classes\images\bg3.gif --> penta3.ufrgs.br /home/elektra/ProgramD/templates/html/physlets/classes/images bg3.gif
103.12.23 17:34 B C:\Documents and Settings\ronald\Meus documentos\physlets\physlets\classes\images\blue-ball-small.gif --> penta3.ufrgs.br /home/elektra/ProgramD/templates/html/physlets/classes/images blue-ball-small.gif
103.12.23 17:34 B C:\Documents and Settings\ronald\Meus documentos\physlets\physlets\classes\images\blue-ball.gif --> penta3.ufrgs.br /home/elektra/ProgramD/templates/html/physlets/classes/images blue-ball.gif
103.12.23 17:34 B C:\Documents and Settings\ronald\Meus documentos\physlets\physlets\classes\images\blue3.gif --> penta3.ufrgs.br /home/elektra/ProgramD/templates/html/physlets/classes/images blue3.gif
103.12.23 17:34 B C:\Documents and Settings\ronald\Meus documentos\physlets\physlets\classes\images\box.gif --> penta3.ufrgs.br /home/elektra/ProgramD/templates/html/physlets/classes/images box.gif
103.12.23 17:34 B C:\Documents and Settings\ronald\Meus documentos\physlets\physlets\classes\images\boy.gif --> penta3.ufrgs.br /home/elektra/ProgramD/templates/html/physlets/classes/images boy.gif
103.12.23 17:34 B C:\Documents and Settings\ronald\Meus documentos\physlets\physlets\classes\images\bullet.gif --> penta3.ufrgs.br /home/elektra/ProgramD/templates/html/physlets/classes/images bullet.gif
103.12.23 17:34 B C:\Documents and Settings\ronald\Meus documentos\physlets\physlets\classes\images\bunny.gif --> penta3.ufrgs.br /home/elektra/ProgramD/templates/html/physlets/classes/images bunny.gif
103.12.23 17:34 B C:\Documents and Settings\ronald\Meus documentos\physlets\physlets\classes\images\cart_large.gif --> penta3.ufrgs.br /home/elektra/ProgramD/templates/html/physlets/classes/images cart_large.gif
103.12.23 17:34 B C:\Documents and Settings\ronald\Meus documentos\physlets\physlets\classes\images\cart_small.gif --> penta3.ufrgs.br /home/elektra/ProgramD/templates/html/physlets/classes/images cart_small.gif
103.12.23 17:34 B C:\Documents and Settings\ronald\Meus documentos\physlets\physlets\classes\images\chair.jpg --> penta3.ufrgs.br /home/elektra/ProgramD/templates/html/physlets/classes/images chair.jpg
103.12.23 17:34 B C:\Documents and Settings\ronald\Meus documentos\physlets\physlets\classes\images\chalk.jpg --> penta3.ufrgs.br /home/elektra/ProgramD/templates/html/physlets/classes/images chalk.jpg
103.12.23 17:34 B C:\Documents and Settings\ronald\Meus documentos\physlets\physlets\classes\images\class-index.gif --> penta3.ufrgs.br /home/elektra/ProgramD/templates/html/physlets/classes/images class-index.gif
103.12.23 17:34 B C:\Documents and Settings\ronald\Meus documentos\physlets\physlets\classes\images\constrct.gif --> penta3.ufrgs.br /home/elektra/ProgramD/templates/html/physlets/classes/images constrct.gif
103.12.23 17:34 B C:\Documents and Settings\ronald\Meus documentos\physlets\physlets\classes\images\constructor-index.gif --> penta3.ufrgs.br /home/elektra/ProgramD/templates/html/physlets/classes/images constructor-index.gif
103.12.23 17:34 B C:\Documents and Settings\ronald\Meus documentos\physlets\physlets\classes\images\constructors.gif --> penta3.ufrgs.br /home/elektra/ProgramD/templates/html/physlets/classes/images constructors.gif
103.12.23 17:34 B C:\Documents and Settings\ronald\Meus documentos\physlets\physlets\classes\images\cyan-ball-small.gif --> penta3.ufrgs.br /home/elektra/ProgramD/templates/html/physlets/classes/images cyan-ball-small.gif
103.12.23 17:34 B C:\Documents and Settings\ronald\Meus documentos\physlets\physlets\classes\images\cyan-ball.gif --> penta3.ufrgs.br /home/elektra/ProgramD/templates/html/physlets/classes/images cyan-ball.gif
103.12.23 17:34 B C:\Documents and Settings\ronald\Meus documentos\physlets\physlets\classes\images\darrow.gif --> penta3.ufrgs.br /home/elektra/ProgramD/templates/html/physlets/classes/images darrow.gif
103.12.23 17:34 B C:\Documents and Settings\ronald\Meus documentos\physlets\physlets\classes\images\doughnut.gif --> penta3.ufrgs.br /home/elektra/ProgramD/templates/html/physlets/classes/images doughnut.gif
103.12.23 17:34 B C:\Documents and Settings\ronald\Meus documentos\physlets\physlets\classes\images\dpull.gif --> penta3.ufrgs.br /home/elektra/ProgramD/templates/html/physlets/classes/images dpull.gif
103.12.23 17:34 B C:\Documents and Settings\ronald\Meus documentos\physlets\physlets\classes\images\dudeb.gif --> penta3.ufrgs.br /home/elektra/ProgramD/templates/html/physlets/classes/images dudeb.gif
103.12.23 17:34 B C:\Documents and Settings\ronald\Meus documentos\physlets\physlets\classes\images\error-index.gif --> penta3.ufrgs.br /home/elektra/ProgramD/templates/html/physlets/classes/images error-index.gif
103.12.23 17:34 B C:\Documents and Settings\ronald\Meus documentos\physlets\physlets\classes\images\exception-index.gif --> penta3.ufrgs.br /home/elektra/ProgramD/templates/html/physlets/classes/images exception-index.gif
103.12.23 17:34 B C:\Documents and Settings\ronald\Meus documentos\physlets\physlets\classes\images\fci12.gif --> penta3.ufrgs.br /home/elektra/ProgramD/templates/html/physlets/classes/images fci12.gif
103.12.23 17:34 B C:\Documents and Settings\ronald\Meus documentos\physlets\physlets\classes\images\fci14.gif --> penta3.ufrgs.br /home/elektra/ProgramD/templates/html/physlets/classes/images fci14.gif
103.12.23 17:34 B C:\Documents and Settings\ronald\Meus documentos\physlets\physlets\classes\images\fci15.gif --> penta3.ufrgs.br /home/elektra/ProgramD/templates/html/physlets/classes/images fci15.gif
103.12.23 17:34 B C:\Documents and Settings\ronald\Meus documentos\physlets\physlets\classes\images\fci18.gif --> penta3.ufrgs.br /home/elektra/ProgramD/templates/html/physlets/classes/images fci18.gif
103.12.23 17:34 B C:\Documents and Settings\ronald\Meus documentos\physlets\physlets\classes\images\fci21.gif --> penta3.ufrgs.br /home/elektra/ProgramD/templates/html/physlets/classes/images fci21.gif
103.12.23 17:34 B C:\Documents and Settings\ronald\Meus documentos\physlets\physlets\classes\images\fci28fm1.gif --> penta3.ufrgs.br /home/elektra/ProgramD/templates/html/physlets/classes/images fci28fm1.gif
103.12.23 17:34 B C:\Documents and Settings\ronald\Meus documentos\physlets\physlets\classes\images\fci28fm2.gif --> penta3.ufrgs.br /home/elektra/ProgramD/templates/html/physlets/classes/images fci28fm2.gif
103.12.23 17:34 B C:\Documents and Settings\ronald\Meus documentos\physlets\physlets\classes\images\fci28fm3.gif --> penta3.ufrgs.br /home/elektra/ProgramD/templates/html/physlets/classes/images fci28fm3.gif
103.12.23 17:34 B C:\Documents and Settings\ronald\Meus documentos\physlets\physlets\classes\images\fci5and6.gif --> penta3.ufrgs.br /home/elektra/ProgramD/templates/html/physlets/classes/images fci5and6.gif
103.12.23 17:34 B C:\Documents and Settings\ronald\Meus documentos\physlets\physlets\classes\images\fci7.gif --> penta3.ufrgs.br /home/elektra/ProgramD/templates/html/physlets/classes/images fci7.gif
103.12.23 17:34 B C:\Documents and Settings\ronald\Meus documentos\physlets\physlets\classes\images\field-index.gif --> penta3.ufrgs.br /home/elektra/ProgramD/templates/html/physlets/classes/images field-index.gif
103.12.23 17:34 B C:\Documents and Settings\ronald\Meus documentos\physlets\physlets\classes\images\fields.gif --> penta3.ufrgs.br /home/elektra/ProgramD/templates/html/physlets/classes/images fields.gif
103.12.23 17:34 B C:\Documents and Settings\ronald\Meus documentos\physlets\physlets\classes\images\flash.gif --> penta3.ufrgs.br /home/elektra/ProgramD/templates/html/physlets/classes/images flash.gif
103.12.23 17:34 B C:\Documents and Settings\ronald\Meus documentos\physlets\physlets\classes\images\green-ball-small.gif --> penta3.ufrgs.br /home/elektra/ProgramD/templates/html/physlets/classes/images green-ball-small.gif
103.12.23 17:34 B C:\Documents and Settings\ronald\Meus documentos\physlets\physlets\classes\images\green-ball.gif --> penta3.ufrgs.br /home/elektra/ProgramD/templates/html/physlets/classes/images green-ball.gif
103.12.23 17:34 B C:\Documents and Settings\ronald\Meus documentos\physlets\physlets\classes\images\green-on.gif --> penta3.ufrgs.br /home/elektra/ProgramD/templates/html/physlets/classes/images green-on.gif
103.12.23 17:34 B C:\Documents and Settings\ronald\Meus documentos\physlets\physlets\classes\images\green_truck.gif --> penta3.ufrgs.br /home/elektra/ProgramD/templates/html/physlets/classes/images green_truck.gif
103.12.23 17:34 B C:\Documents and Settings\ronald\Meus documentos\physlets\physlets\classes\images\GridBagEx.gif --> penta3.ufrgs.br /home/elektra/ProgramD/templates/html/physlets/classes/images GridBagEx.gif
103.12.23 17:34 B C:\Documents and Settings\ronald\Meus documentos\physlets\physlets\classes\images\interface-index.gif --> penta3.ufrgs.br /home/elektra/ProgramD/templates/html/physlets/classes/images interface-index.gif
103.12.23 17:34 B C:\Documents and Settings\ronald\Meus documentos\physlets\physlets\classes\images\jet.gif --> penta3.ufrgs.br /home/elektra/ProgramD/templates/html/physlets/classes/images jet.gif
103.12.23 17:34 B C:\Documents and Settings\ronald\Meus documentos\physlets\physlets\classes\images\larrow.gif --> penta3.ufrgs.br /home/elektra/ProgramD/templates/html/physlets/classes/images larrow.gif
103.12.23 17:34 B C:\Documents and Settings\ronald\Meus documentos\physlets\physlets\classes\images\lgtruck.gif --> penta3.ufrgs.br /home/elektra/ProgramD/templates/html/physlets/classes/images lgtruck.gif
103.12.23 17:34 B C:\Documents and Settings\ronald\Meus documentos\physlets\physlets\classes\images\logo-big.gif --> penta3.ufrgs.br /home/elektra/ProgramD/templates/html/physlets/classes/images logo-big.gif
103.12.23 17:34 B C:\Documents and Settings\ronald\Meus documentos\physlets\physlets\classes\images\Logo_tiny.gif --> penta3.ufrgs.br /home/elektra/ProgramD/templates/html/physlets/classes/images Logo_tiny.gif
103.12.23 17:34 B C:\Documents and Settings\ronald\Meus documentos\physlets\physlets\classes\images\lpull.gif --> penta3.ufrgs.br /home/elektra/ProgramD/templates/html/physlets/classes/images lpull.gif
103.12.23 17:34 B C:\Documents and Settings\ronald\Meus documentos\physlets\physlets\classes\images\magenta-ball-small.gif --> penta3.ufrgs.br /home/elektra/ProgramD/templates/html/physlets/classes/images magenta-ball-small.gif
103.12.23 17:34 B C:\Documents and Settings\ronald\Meus documentos\physlets\physlets\classes\images\magenta-ball.gif --> penta3.ufrgs.br /home/elektra/ProgramD/templates/html/physlets/classes/images magenta-ball.gif
103.12.23 17:34 B C:\Documents and Settings\ronald\Meus documentos\physlets\physlets\classes\images\method-index.gif --> penta3.ufrgs.br /home/elektra/ProgramD/templates/html/physlets/classes/images method-index.gif
103.12.23 17:34 B C:\Documents and Settings\ronald\Meus documentos\physlets\physlets\classes\images\methods.gif --> penta3.ufrgs.br /home/elektra/ProgramD/templates/html/physlets/classes/images methods.gif
103.12.23 17:34 B C:\Documents and Settings\ronald\Meus documentos\physlets\physlets\classes\images\OpenBookIcon.gif --> penta3.ufrgs.br /home/elektra/ProgramD/templates/html/physlets/classes/images OpenBookIcon.gif
103.12.23 17:34 B C:\Documents and Settings\ronald\Meus documentos\physlets\physlets\classes\images\package-index.gif --> penta3.ufrgs.br /home/elektra/ProgramD/templates/html/physlets/classes/images package-index.gif
103.12.23 17:34 B C:\Documents and Settings\ronald\Meus documentos\physlets\physlets\classes\images\pencil.gif --> penta3.ufrgs.br /home/elektra/ProgramD/templates/html/physlets/classes/images pencil.gif
103.12.23 17:34 B C:\Documents and Settings\ronald\Meus documentos\physlets\physlets\classes\images\pin.gif --> penta3.ufrgs.br /home/elektra/ProgramD/templates/html/physlets/classes/images pin.gif
103.12.23 17:34 B C:\Documents and Settings\ronald\Meus documentos\physlets\physlets\classes\images\PRENHALL_OLSLOGO.GIF --> penta3.ufrgs.br /home/elektra/ProgramD/templates/html/physlets/classes/images PRENHALL_OLSLOGO.GIF
103.12.23 17:34 B C:\Documents and Settings\ronald\Meus documentos\physlets\physlets\classes\images\pushing_figure.gif --> penta3.ufrgs.br /home/elektra/ProgramD/templates/html/physlets/classes/images pushing_figure.gif
103.12.23 17:34 B C:\Documents and Settings\ronald\Meus documentos\physlets\physlets\classes\images\rarrow.gif --> penta3.ufrgs.br /home/elektra/ProgramD/templates/html/physlets/classes/images rarrow.gif
103.12.23 17:34 B C:\Documents and Settings\ronald\Meus documentos\physlets\physlets\classes\images\rball.gif --> penta3.ufrgs.br /home/elektra/ProgramD/templates/html/physlets/classes/images rball.gif
103.12.23 17:34 B C:\Documents and Settings\ronald\Meus documentos\physlets\physlets\classes\images\red-ball-small.gif --> penta3.ufrgs.br /home/elektra/ProgramD/templates/html/physlets/classes/images red-ball-small.gif
103.12.23 17:34 B C:\Documents and Settings\ronald\Meus documentos\physlets\physlets\classes\images\red-ball.gif --> penta3.ufrgs.br /home/elektra/ProgramD/templates/html/physlets/classes/images red-ball.gif
103.12.23 17:34 B C:\Documents and Settings\ronald\Meus documentos\physlets\physlets\classes\images\red-on.gif --> penta3.ufrgs.br /home/elektra/ProgramD/templates/html/physlets/classes/images red-on.gif
103.12.23 17:34 B C:\Documents and Settings\ronald\Meus documentos\physlets\physlets\classes\images\red_truck.gif --> penta3.ufrgs.br /home/elektra/ProgramD/templates/html/physlets/classes/images red_truck.gif
103.12.23 17:34 B C:\Documents and Settings\ronald\Meus documentos\physlets\physlets\classes\images\rktdrawn.gif --> penta3.ufrgs.br /home/elektra/ProgramD/templates/html/physlets/classes/images rktdrawn.gif
103.12.23 17:34 B C:\Documents and Settings\ronald\Meus documentos\physlets\physlets\classes\images\rpull.gif --> penta3.ufrgs.br /home/elektra/ProgramD/templates/html/physlets/classes/images rpull.gif
103.12.23 17:34 B C:\Documents and Settings\ronald\Meus documentos\physlets\physlets\classes\images\scream.gif --> penta3.ufrgs.br /home/elektra/ProgramD/templates/html/physlets/classes/images scream.gif
103.12.23 17:34 B C:\Documents and Settings\ronald\Meus documentos\physlets\physlets\classes\images\skier.gif --> penta3.ufrgs.br /home/elektra/ProgramD/templates/html/physlets/classes/images skier.gif
103.12.23 17:34 B C:\Documents and Settings\ronald\Meus documentos\physlets\physlets\classes\images\smallball.gif --> penta3.ufrgs.br /home/elektra/ProgramD/templates/html/physlets/classes/images smallball.gif
103.12.23 17:34 B C:\Documents and Settings\ronald\Meus documentos\physlets\physlets\classes\images\smallpin.gif --> penta3.ufrgs.br /home/elektra/ProgramD/templates/html/physlets/classes/images smallpin.gif
103.12.23 17:34 B C:\Documents and Settings\ronald\Meus documentos\physlets\physlets\classes\images\smcar.gif --> penta3.ufrgs.br /home/elektra/ProgramD/templates/html/physlets/classes/images smcar.gif
103.12.23 17:34 B C:\Documents and Settings\ronald\Meus documentos\physlets\physlets\classes\images\smcube.gif --> penta3.ufrgs.br /home/elektra/ProgramD/templates/html/physlets/classes/images smcube.gif
103.12.23 17:34 B C:\Documents and Settings\ronald\Meus documentos\physlets\physlets\classes\images\tensball.gif --> penta3.ufrgs.br /home/elektra/ProgramD/templates/html/physlets/classes/images tensball.gif
103.12.23 17:34 B C:\Documents and Settings\ronald\Meus documentos\physlets\physlets\classes\images\thrust.gif --> penta3.ufrgs.br /home/elektra/ProgramD/templates/html/physlets/classes/images thrust.gif
103.12.23 17:34 B C:\Documents and Settings\ronald\Meus documentos\physlets\physlets\classes\images\tree.gif --> penta3.ufrgs.br /home/elektra/ProgramD/templates/html/physlets/classes/images tree.gif
103.12.23 17:34 B C:\Documents and Settings\ronald\Meus documentos\physlets\physlets\classes\images\truck.gif --> penta3.ufrgs.br /home/elektra/ProgramD/templates/html/physlets/classes/images truck.gif
103.12.23 17:34 B C:\Documents and Settings\ronald\Meus documentos\physlets\physlets\classes\images\truck1.gif --> penta3.ufrgs.br /home/elektra/ProgramD/templates/html/physlets/classes/images truck1.gif
103.12.23 17:34 B C:\Documents and Settings\ronald\Meus documentos\physlets\physlets\classes\images\uarrow.gif --> penta3.ufrgs.br /home/elektra/ProgramD/templates/html/physlets/classes/images uarrow.gif
103.12.23 17:34 B C:\Documents and Settings\ronald\Meus documentos\physlets\physlets\classes\images\undercon.gif --> penta3.ufrgs.br /home/elektra/ProgramD/templates/html/physlets/classes/images undercon.gif
103.12.23 17:34 B C:\Documents and Settings\ronald\Meus documentos\physlets\physlets\classes\images\uppull.gif --> penta3.ufrgs.br /home/elektra/ProgramD/templates/html/physlets/classes/images uppull.gif
103.12.23 17:34 B C:\Documents and Settings\ronald\Meus documentos\physlets\physlets\classes\images\variable-index-ORIG.gif --> penta3.ufrgs.br /home/elektra/ProgramD/templates/html/physlets/classes/images variable-index-ORIG.gif
103.12.23 17:35 B C:\Documents and Settings\ronald\Meus documentos\physlets\physlets\classes\images\2lrhands.gif --> penta3.ufrgs.br /home/elektra/public_html/ProgramD/templates/html/physlets/classes/images 2lrhands.gif
103.12.23 17:35 B C:\Documents and Settings\ronald\Meus documentos\physlets\physlets\classes\images\2udhands.gif --> penta3.ufrgs.br /home/elektra/public_html/ProgramD/templates/html/physlets/classes/images 2udhands.gif
103.12.23 17:35 B C:\Documents and Settings\ronald\Meus documentos\physlets\physlets\classes\images\30ularrow.gif --> penta3.ufrgs.br /home/elektra/public_html/ProgramD/templates/html/physlets/classes/images 30ularrow.gif
103.12.23 17:35 B C:\Documents and Settings\ronald\Meus documentos\physlets\physlets\classes\images\30ularrow2.gif --> penta3.ufrgs.br /home/elektra/public_html/ProgramD/templates/html/physlets/classes/images 30ularrow2.gif
103.12.23 17:35 B C:\Documents and Settings\ronald\Meus documentos\physlets\physlets\classes\images\45ularrow.gif --> penta3.ufrgs.br /home/elektra/public_html/ProgramD/templates/html/physlets/classes/images 45ularrow.gif
103.12.23 17:35 B C:\Documents and Settings\ronald\Meus documentos\physlets\physlets\classes\images\4hands.gif --> penta3.ufrgs.br /home/elektra/public_html/ProgramD/templates/html/physlets/classes/images 4hands.gif
103.12.23 17:35 B C:\Documents and Settings\ronald\Meus documentos\physlets\physlets\classes\images\back.gif --> penta3.ufrgs.br /home/elektra/public_html/ProgramD/templates/html/physlets/classes/images back.gif
103.12.23 17:35 B C:\Documents and Settings\ronald\Meus documentos\physlets\physlets\classes\images\ball.gif --> penta3.ufrgs.br /home/elektra/public_html/ProgramD/templates/html/physlets/classes/images ball.gif
103.12.23 17:35 B C:\Documents and Settings\ronald\Meus documentos\physlets\physlets\classes\images\bat.gif --> penta3.ufrgs.br /home/elektra/public_html/ProgramD/templates/html/physlets/classes/images bat.gif
103.12.23 17:35 B C:\Documents and Settings\ronald\Meus documentos\physlets\physlets\classes\images\bball.gif --> penta3.ufrgs.br /home/elektra/public_html/ProgramD/templates/html/physlets/classes/images bball.gif
103.12.23 17:35 B C:\Documents and Settings\ronald\Meus documentos\physlets\physlets\classes\images\bdoughnut.gif --> penta3.ufrgs.br /home/elektra/public_html/ProgramD/templates/html/physlets/classes/images bdoughnut.gif
103.12.23 17:35 B C:\Documents and Settings\ronald\Meus documentos\physlets\physlets\classes\images\bg2.gif --> penta3.ufrgs.br /home/elektra/public_html/ProgramD/templates/html/physlets/classes/images bg2.gif
103.12.23 17:35 B C:\Documents and Settings\ronald\Meus documentos\physlets\physlets\classes\images\bg3.gif --> penta3.ufrgs.br /home/elektra/public_html/ProgramD/templates/html/physlets/classes/images bg3.gif
103.12.23 17:35 B C:\Documents and Settings\ronald\Meus documentos\physlets\physlets\classes\images\blue-ball-small.gif --> penta3.ufrgs.br /home/elektra/public_html/ProgramD/templates/html/physlets/classes/images blue-ball-small.gif
103.12.23 17:35 B C:\Documents and Settings\ronald\Meus documentos\physlets\physlets\classes\images\blue-ball.gif --> penta3.ufrgs.br /home/elektra/public_html/ProgramD/templates/html/physlets/classes/images blue-ball.gif
103.12.23 17:35 B C:\Documents and Settings\ronald\Meus documentos\physlets\physlets\classes\images\blue3.gif --> penta3.ufrgs.br /home/elektra/public_html/ProgramD/templates/html/physlets/classes/images blue3.gif
103.12.23 17:35 B C:\Documents and Settings\ronald\Meus documentos\physlets\physlets\classes\images\box.gif --> penta3.ufrgs.br /home/elektra/public_html/ProgramD/templates/html/physlets/classes/images box.gif
103.12.23 17:35 B C:\Documents and Settings\ronald\Meus documentos\physlets\physlets\classes\images\boy.gif --> penta3.ufrgs.br /home/elektra/public_html/ProgramD/templates/html/physlets/classes/images boy.gif
103.12.23 17:35 B C:\Documents and Settings\ronald\Meus documentos\physlets\physlets\classes\images\bullet.gif --> penta3.ufrgs.br /home/elektra/public_html/ProgramD/templates/html/physlets/classes/images bullet.gif
103.12.23 17:35 B C:\Documents and Settings\ronald\Meus documentos\physlets\physlets\classes\images\bunny.gif --> penta3.ufrgs.br /home/elektra/public_html/ProgramD/templates/html/physlets/classes/images bunny.gif
103.12.23 17:35 B C:\Documents and Settings\ronald\Meus documentos\physlets\physlets\classes\images\cart_large.gif --> penta3.ufrgs.br /home/elektra/public_html/ProgramD/templates/html/physlets/classes/images cart_large.gif
103.12.23 17:35 B C:\Documents and Settings\ronald\Meus documentos\physlets\physlets\classes\images\cart_small.gif --> penta3.ufrgs.br /home/elektra/public_html/ProgramD/templates/html/physlets/classes/images cart_small.gif
103.12.23 17:35 B C:\Documents and Settings\ronald\Meus documentos\physlets\physlets\classes\images\chair.jpg --> penta3.ufrgs.br /home/elektra/public_html/ProgramD/templates/html/physlets/classes/images chair.jpg
103.12.23 17:35 B C:\Documents and Settings\ronald\Meus documentos\physlets\physlets\classes\images\chalk.jpg --> penta3.ufrgs.br /home/elektra/public_html/ProgramD/templates/html/physlets/classes/images chalk.jpg
103.12.23 17:35 B C:\Documents and Settings\ronald\Meus documentos\physlets\physlets\classes\images\class-index.gif --> penta3.ufrgs.br /home/elektra/public_html/ProgramD/templates/html/physlets/classes/images class-index.gif
103.12.23 17:35 B C:\Documents and Settings\ronald\Meus documentos\physlets\physlets\classes\images\constrct.gif --> penta3.ufrgs.br /home/elektra/public_html/ProgramD/templates/html/physlets/classes/images constrct.gif
103.12.23 17:35 B C:\Documents and Settings\ronald\Meus documentos\physlets\physlets\classes\images\constructor-index.gif --> penta3.ufrgs.br /home/elektra/public_html/ProgramD/templates/html/physlets/classes/images constructor-index.gif
103.12.23 17:35 B C:\Documents and Settings\ronald\Meus documentos\physlets\physlets\classes\images\constructors.gif --> penta3.ufrgs.br /home/elektra/public_html/ProgramD/templates/html/physlets/classes/images constructors.gif
103.12.23 17:35 B C:\Documents and Settings\ronald\Meus documentos\physlets\physlets\classes\images\cyan-ball-small.gif --> penta3.ufrgs.br /home/elektra/public_html/ProgramD/templates/html/physlets/classes/images cyan-ball-small.gif
103.12.23 17:35 B C:\Documents and Settings\ronald\Meus documentos\physlets\physlets\classes\images\cyan-ball.gif --> penta3.ufrgs.br /home/elektra/public_html/ProgramD/templates/html/physlets/classes/images cyan-ball.gif
103.12.23 17:35 B C:\Documents and Settings\ronald\Meus documentos\physlets\physlets\classes\images\darrow.gif --> penta3.ufrgs.br /home/elektra/public_html/ProgramD/templates/html/physlets/classes/images darrow.gif
103.12.23 17:35 B C:\Documents and Settings\ronald\Meus documentos\physlets\physlets\classes\images\doughnut.gif --> penta3.ufrgs.br /home/elektra/public_html/ProgramD/templates/html/physlets/classes/images doughnut.gif
103.12.23 17:35 B C:\Documents and Settings\ronald\Meus documentos\physlets\physlets\classes\images\dpull.gif --> penta3.ufrgs.br /home/elektra/public_html/ProgramD/templates/html/physlets/classes/images dpull.gif
103.12.23 17:35 B C:\Documents and Settings\ronald\Meus documentos\physlets\physlets\classes\images\dudeb.gif --> penta3.ufrgs.br /home/elektra/public_html/ProgramD/templates/html/physlets/classes/images dudeb.gif
103.12.23 17:35 B C:\Documents and Settings\ronald\Meus documentos\physlets\physlets\classes\images\error-index.gif --> penta3.ufrgs.br /home/elektra/public_html/ProgramD/templates/html/physlets/classes/images error-index.gif
103.12.23 17:35 B C:\Documents and Settings\ronald\Meus documentos\physlets\physlets\classes\images\exception-index.gif --> penta3.ufrgs.br /home/elektra/public_html/ProgramD/templates/html/physlets/classes/images exception-index.gif
103.12.23 17:35 B C:\Documents and Settings\ronald\Meus documentos\physlets\physlets\classes\images\fci12.gif --> penta3.ufrgs.br /home/elektra/public_html/ProgramD/templates/html/physlets/classes/images fci12.gif
103.12.23 17:35 B C:\Documents and Settings\ronald\Meus documentos\physlets\physlets\classes\images\fci14.gif --> penta3.ufrgs.br /home/elektra/public_html/ProgramD/templates/html/physlets/classes/images fci14.gif
103.12.23 17:35 B C:\Documents and Settings\ronald\Meus documentos\physlets\physlets\classes\images\fci15.gif --> penta3.ufrgs.br /home/elektra/public_html/ProgramD/templates/html/physlets/classes/images fci15.gif
103.12.23 17:35 B C:\Documents and Settings\ronald\Meus documentos\physlets\physlets\classes\images\fci18.gif --> penta3.ufrgs.br /home/elektra/public_html/ProgramD/templates/html/physlets/classes/images fci18.gif
103.12.23 17:35 B C:\Documents and Settings\ronald\Meus documentos\physlets\physlets\classes\images\fci21.gif --> penta3.ufrgs.br /home/elektra/public_html/ProgramD/templates/html/physlets/classes/images fci21.gif
103.12.23 17:35 B C:\Documents and Settings\ronald\Meus documentos\physlets\physlets\classes\images\fci28fm1.gif --> penta3.ufrgs.br /home/elektra/public_html/ProgramD/templates/html/physlets/classes/images fci28fm1.gif
103.12.23 17:35 B C:\Documents and Settings\ronald\Meus documentos\physlets\physlets\classes\images\fci28fm2.gif --> penta3.ufrgs.br /home/elektra/public_html/ProgramD/templates/html/physlets/classes/images fci28fm2.gif
103.12.23 17:35 B C:\Documents and Settings\ronald\Meus documentos\physlets\physlets\classes\images\fci28fm3.gif --> penta3.ufrgs.br /home/elektra/public_html/ProgramD/templates/html/physlets/classes/images fci28fm3.gif
103.12.23 17:35 B C:\Documents and Settings\ronald\Meus documentos\physlets\physlets\classes\images\fci5and6.gif --> penta3.ufrgs.br /home/elektra/public_html/ProgramD/templates/html/physlets/classes/images fci5and6.gif
103.12.23 17:35 B C:\Documents and Settings\ronald\Meus documentos\physlets\physlets\classes\images\fci7.gif --> penta3.ufrgs.br /home/elektra/public_html/ProgramD/templates/html/physlets/classes/images fci7.gif
103.12.23 17:35 B C:\Documents and Settings\ronald\Meus documentos\physlets\physlets\classes\images\field-index.gif --> penta3.ufrgs.br /home/elektra/public_html/ProgramD/templates/html/physlets/classes/images field-index.gif
103.12.23 17:35 B C:\Documents and Settings\ronald\Meus documentos\physlets\physlets\classes\images\fields.gif --> penta3.ufrgs.br /home/elektra/public_html/ProgramD/templates/html/physlets/classes/images fields.gif
103.12.23 17:35 B C:\Documents and Settings\ronald\Meus documentos\physlets\physlets\classes\images\flash.gif --> penta3.ufrgs.br /home/elektra/public_html/ProgramD/templates/html/physlets/classes/images flash.gif
103.12.23 17:35 B C:\Documents and Settings\ronald\Meus documentos\physlets\physlets\classes\images\green-ball-small.gif --> penta3.ufrgs.br /home/elektra/public_html/ProgramD/templates/html/physlets/classes/images green-ball-small.gif
103.12.23 17:35 B C:\Documents and Settings\ronald\Meus documentos\physlets\physlets\classes\images\green-ball.gif --> penta3.ufrgs.br /home/elektra/public_html/ProgramD/templates/html/physlets/classes/images green-ball.gif
103.12.23 17:35 B C:\Documents and Settings\ronald\Meus documentos\physlets\physlets\classes\images\green-on.gif --> penta3.ufrgs.br /home/elektra/public_html/ProgramD/templates/html/physlets/classes/images green-on.gif
103.12.23 17:35 B C:\Documents and Settings\ronald\Meus documentos\physlets\physlets\classes\images\green_truck.gif --> penta3.ufrgs.br /home/elektra/public_html/ProgramD/templates/html/physlets/classes/images green_truck.gif
103.12.23 17:35 B C:\Documents and Settings\ronald\Meus documentos\physlets\physlets\classes\images\GridBagEx.gif --> penta3.ufrgs.br /home/elektra/public_html/ProgramD/templates/html/physlets/classes/images GridBagEx.gif
103.12.23 17:35 B C:\Documents and Settings\ronald\Meus documentos\physlets\physlets\classes\images\interface-index.gif --> penta3.ufrgs.br /home/elektra/public_html/ProgramD/templates/html/physlets/classes/images interface-index.gif
103.12.23 17:35 B C:\Documents and Settings\ronald\Meus documentos\physlets\physlets\classes\images\jet.gif --> penta3.ufrgs.br /home/elektra/public_html/ProgramD/templates/html/physlets/classes/images jet.gif
103.12.23 17:35 B C:\Documents and Settings\ronald\Meus documentos\physlets\physlets\classes\images\larrow.gif --> penta3.ufrgs.br /home/elektra/public_html/ProgramD/templates/html/physlets/classes/images larrow.gif
103.12.23 17:35 B C:\Documents and Settings\ronald\Meus documentos\physlets\physlets\classes\images\lgtruck.gif --> penta3.ufrgs.br /home/elektra/public_html/ProgramD/templates/html/physlets/classes/images lgtruck.gif
103.12.23 17:35 B C:\Documents and Settings\ronald\Meus documentos\physlets\physlets\classes\images\logo-big.gif --> penta3.ufrgs.br /home/elektra/public_html/ProgramD/templates/html/physlets/classes/images logo-big.gif
103.12.23 17:35 B C:\Documents and Settings\ronald\Meus documentos\physlets\physlets\classes\images\Logo_tiny.gif --> penta3.ufrgs.br /home/elektra/public_html/ProgramD/templates/html/physlets/classes/images Logo_tiny.gif
103.12.23 17:35 B C:\Documents and Settings\ronald\Meus documentos\physlets\physlets\classes\images\lpull.gif --> penta3.ufrgs.br /home/elektra/public_html/ProgramD/templates/html/physlets/classes/images lpull.gif
103.12.23 17:35 B C:\Documents and Settings\ronald\Meus documentos\physlets\physlets\classes\images\magenta-ball-small.gif --> penta3.ufrgs.br /home/elektra/public_html/ProgramD/templates/html/physlets/classes/images magenta-ball-small.gif
103.12.23 17:35 B C:\Documents and Settings\ronald\Meus documentos\physlets\physlets\classes\images\magenta-ball.gif --> penta3.ufrgs.br /home/elektra/public_html/ProgramD/templates/html/physlets/classes/images magenta-ball.gif
103.12.23 17:35 B C:\Documents and Settings\ronald\Meus documentos\physlets\physlets\classes\images\method-index.gif --> penta3.ufrgs.br /home/elektra/public_html/ProgramD/templates/html/physlets/classes/images method-index.gif
103.12.23 17:35 B C:\Documents and Settings\ronald\Meus documentos\physlets\physlets\classes\images\methods.gif --> penta3.ufrgs.br /home/elektra/public_html/ProgramD/templates/html/physlets/classes/images methods.gif
103.12.23 17:35 B C:\Documents and Settings\ronald\Meus documentos\physlets\physlets\classes\images\OpenBookIcon.gif --> penta3.ufrgs.br /home/elektra/public_html/ProgramD/templates/html/physlets/classes/images OpenBookIcon.gif
103.12.23 17:35 B C:\Documents and Settings\ronald\Meus documentos\physlets\physlets\classes\images\package-index.gif --> penta3.ufrgs.br /home/elektra/public_html/ProgramD/templates/html/physlets/classes/images package-index.gif
103.12.23 17:35 B C:\Documents and Settings\ronald\Meus documentos\physlets\physlets\classes\images\pencil.gif --> penta3.ufrgs.br /home/elektra/public_html/ProgramD/templates/html/physlets/classes/images pencil.gif
103.12.23 17:35 B C:\Documents and Settings\ronald\Meus documentos\physlets\physlets\classes\images\pin.gif --> penta3.ufrgs.br /home/elektra/public_html/ProgramD/templates/html/physlets/classes/images pin.gif
103.12.23 17:35 B C:\Documents and Settings\ronald\Meus documentos\physlets\physlets\classes\images\PRENHALL_OLSLOGO.GIF --> penta3.ufrgs.br /home/elektra/public_html/ProgramD/templates/html/physlets/classes/images PRENHALL_OLSLOGO.GIF
103.12.23 17:35 B C:\Documents and Settings\ronald\Meus documentos\physlets\physlets\classes\images\pushing_figure.gif --> penta3.ufrgs.br /home/elektra/public_html/ProgramD/templates/html/physlets/classes/images pushing_figure.gif
103.12.23 17:35 B C:\Documents and Settings\ronald\Meus documentos\physlets\physlets\classes\images\rarrow.gif --> penta3.ufrgs.br /home/elektra/public_html/ProgramD/templates/html/physlets/classes/images rarrow.gif
103.12.23 17:35 B C:\Documents and Settings\ronald\Meus documentos\physlets\physlets\classes\images\rball.gif --> penta3.ufrgs.br /home/elektra/public_html/ProgramD/templates/html/physlets/classes/images rball.gif
103.12.23 17:35 B C:\Documents and Settings\ronald\Meus documentos\physlets\physlets\classes\images\red-ball-small.gif --> penta3.ufrgs.br /home/elektra/public_html/ProgramD/templates/html/physlets/classes/images red-ball-small.gif
103.12.23 17:35 B C:\Documents and Settings\ronald\Meus documentos\physlets\physlets\classes\images\red-ball.gif --> penta3.ufrgs.br /home/elektra/public_html/ProgramD/templates/html/physlets/classes/images red-ball.gif
103.12.23 17:35 B C:\Documents and Settings\ronald\Meus documentos\physlets\physlets\classes\images\red-on.gif --> penta3.ufrgs.br /home/elektra/public_html/ProgramD/templates/html/physlets/classes/images red-on.gif
103.12.23 17:35 B C:\Documents and Settings\ronald\Meus documentos\physlets\physlets\classes\images\red_truck.gif --> penta3.ufrgs.br /home/elektra/public_html/ProgramD/templates/html/physlets/classes/images red_truck.gif
103.12.23 17:35 B C:\Documents and Settings\ronald\Meus documentos\physlets\physlets\classes\images\rktdrawn.gif --> penta3.ufrgs.br /home/elektra/public_html/ProgramD/templates/html/physlets/classes/images rktdrawn.gif
103.12.23 17:35 B C:\Documents and Settings\ronald\Meus documentos\physlets\physlets\classes\images\rpull.gif --> penta3.ufrgs.br /home/elektra/public_html/ProgramD/templates/html/physlets/classes/images rpull.gif
103.12.23 17:35 B C:\Documents and Settings\ronald\Meus documentos\physlets\physlets\classes\images\scream.gif --> penta3.ufrgs.br /home/elektra/public_html/ProgramD/templates/html/physlets/classes/images scream.gif
103.12.23 17:35 B C:\Documents and Settings\ronald\Meus documentos\physlets\physlets\classes\images\skier.gif --> penta3.ufrgs.br /home/elektra/public_html/ProgramD/templates/html/physlets/classes/images skier.gif
103.12.23 17:35 B C:\Documents and Settings\ronald\Meus documentos\physlets\physlets\classes\images\smallball.gif --> penta3.ufrgs.br /home/elektra/public_html/ProgramD/templates/html/physlets/classes/images smallball.gif
103.12.23 17:35 B C:\Documents and Settings\ronald\Meus documentos\physlets\physlets\classes\images\smallpin.gif --> penta3.ufrgs.br /home/elektra/public_html/ProgramD/templates/html/physlets/classes/images smallpin.gif
103.12.23 17:35 B C:\Documents and Settings\ronald\Meus documentos\physlets\physlets\classes\images\smcar.gif --> penta3.ufrgs.br /home/elektra/public_html/ProgramD/templates/html/physlets/classes/images smcar.gif
103.12.23 17:35 B C:\Documents and Settings\ronald\Meus documentos\physlets\physlets\classes\images\smcube.gif --> penta3.ufrgs.br /home/elektra/public_html/ProgramD/templates/html/physlets/classes/images smcube.gif
103.12.23 17:35 B C:\Documents and Settings\ronald\Meus documentos\physlets\physlets\classes\images\tensball.gif --> penta3.ufrgs.br /home/elektra/public_html/ProgramD/templates/html/physlets/classes/images tensball.gif
103.12.23 17:35 B C:\Documents and Settings\ronald\Meus documentos\physlets\physlets\classes\images\thrust.gif --> penta3.ufrgs.br /home/elektra/public_html/ProgramD/templates/html/physlets/classes/images thrust.gif
103.12.23 17:35 B C:\Documents and Settings\ronald\Meus documentos\physlets\physlets\classes\images\tree.gif --> penta3.ufrgs.br /home/elektra/public_html/ProgramD/templates/html/physlets/classes/images tree.gif
103.12.23 17:35 B C:\Documents and Settings\ronald\Meus documentos\physlets\physlets\classes\images\truck.gif --> penta3.ufrgs.br /home/elektra/public_html/ProgramD/templates/html/physlets/classes/images truck.gif
103.12.23 17:35 B C:\Documents and Settings\ronald\Meus documentos\physlets\physlets\classes\images\truck1.gif --> penta3.ufrgs.br /home/elektra/public_html/ProgramD/templates/html/physlets/classes/images truck1.gif
103.12.23 17:35 B C:\Documents and Settings\ronald\Meus documentos\physlets\physlets\classes\images\uarrow.gif --> penta3.ufrgs.br /home/elektra/public_html/ProgramD/templates/html/physlets/classes/images uarrow.gif
103.12.23 17:35 B C:\Documents and Settings\ronald\Meus documentos\physlets\physlets\classes\images\undercon.gif --> penta3.ufrgs.br /home/elektra/public_html/ProgramD/templates/html/physlets/classes/images undercon.gif
103.12.23 17:35 B C:\Documents and Settings\ronald\Meus documentos\physlets\physlets\classes\images\uppull.gif --> penta3.ufrgs.br /home/elektra/public_html/ProgramD/templates/html/physlets/classes/images uppull.gif
103.12.23 17:35 B C:\Documents and Settings\ronald\Meus documentos\physlets\physlets\classes\images\variable-index-ORIG.gif --> penta3.ufrgs.br /home/elektra/public_html/ProgramD/templates/html/physlets/classes/images variable-index-ORIG.gif
103.12.23 17:35 B C:\Documents and Settings\ronald\Meus documentos\physlets\physlets\classes\images\variable-index.gif --> penta3.ufrgs.br /home/elektra/public_html/ProgramD/templates/html/physlets/classes/images variable-index.gif
103.12.23 17:35 B C:\Documents and Settings\ronald\Meus documentos\physlets\physlets\classes\images\variables-ORIG.gif --> penta3.ufrgs.br /home/elektra/public_html/ProgramD/templates/html/physlets/classes/images variables-ORIG.gif
103.12.23 17:35 B C:\Documents and Settings\ronald\Meus documentos\physlets\physlets\classes\images\variables.gif --> penta3.ufrgs.br /home/elektra/public_html/ProgramD/templates/html/physlets/classes/images variables.gif
103.12.23 17:35 B C:\Documents and Settings\ronald\Meus documentos\physlets\physlets\classes\images\webphys.gif --> penta3.ufrgs.br /home/elektra/public_html/ProgramD/templates/html/physlets/classes/images webphys.gif
103.12.23 17:35 B C:\Documents and Settings\ronald\Meus documentos\physlets\physlets\classes\images\webphys_tiny.gif --> penta3.ufrgs.br /home/elektra/public_html/ProgramD/templates/html/physlets/classes/images webphys_tiny.gif
103.12.23 17:35 B C:\Documents and Settings\ronald\Meus documentos\physlets\physlets\classes\images\WS_FTP.LOG --> penta3.ufrgs.br /home/elektra/public_html/ProgramD/templates/html/physlets/classes/images WS_FTP.LOG
103.12.23 17:35 B C:\Documents and Settings\ronald\Meus documentos\physlets\physlets\classes\images\ydoughnut.gif --> penta3.ufrgs.br /home/elektra/public_html/ProgramD/templates/html/physlets/classes/images ydoughnut.gif
103.12.23 17:35 B C:\Documents and Settings\ronald\Meus documentos\physlets\physlets\classes\images\yellow-ball-small.gif --> penta3.ufrgs.br /home/elektra/public_html/ProgramD/templates/html/physlets/classes/images yellow-ball-small.gif
103.12.23 17:35 B C:\Documents and Settings\ronald\Meus documentos\physlets\physlets\classes\images\yellow-ball.gif --> penta3.ufrgs.br /home/elektra/public_html/ProgramD/templates/html/physlets/classes/images yellow-ball.gif
104.01.26 18:09 B C:\Documents and Settings\ronald\Meus documentos\physlets\physlets\classes\images\2lrhands.gif --> penta3.ufrgs.br /home/ronald/physlets/physlets/classes/images 2lrhands.gif
104.01.26 18:09 B C:\Documents and Settings\ronald\Meus documentos\physlets\physlets\classes\images\2udhands.gif --> penta3.ufrgs.br /home/ronald/physlets/physlets/classes/images 2udhands.gif
104.01.26 18:09 B C:\Documents and Settings\ronald\Meus documentos\physlets\physlets\classes\images\30ularrow.gif --> penta3.ufrgs.br /home/ronald/physlets/physlets/classes/images 30ularrow.gif
104.01.26 18:09 B C:\Documents and Settings\ronald\Meus documentos\physlets\physlets\classes\images\30ularrow2.gif --> penta3.ufrgs.br /home/ronald/physlets/physlets/classes/images 30ularrow2.gif
104.01.26 18:09 B C:\Documents and Settings\ronald\Meus documentos\physlets\physlets\classes\images\45ularrow.gif --> penta3.ufrgs.br /home/ronald/physlets/physlets/classes/images 45ularrow.gif
104.01.26 18:09 B C:\Documents and Settings\ronald\Meus documentos\physlets\physlets\classes\images\4hands.gif --> penta3.ufrgs.br /home/ronald/physlets/physlets/classes/images 4hands.gif
104.01.26 18:09 B C:\Documents and Settings\ronald\Meus documentos\physlets\physlets\classes\images\back.gif --> penta3.ufrgs.br /home/ronald/physlets/physlets/classes/images back.gif
104.01.26 18:09 B C:\Documents and Settings\ronald\Meus documentos\physlets\physlets\classes\images\ball.gif --> penta3.ufrgs.br /home/ronald/physlets/physlets/classes/images ball.gif
104.01.26 18:09 B C:\Documents and Settings\ronald\Meus documentos\physlets\physlets\classes\images\bat.gif --> penta3.ufrgs.br /home/ronald/physlets/physlets/classes/images bat.gif
104.01.26 18:09 B C:\Documents and Settings\ronald\Meus documentos\physlets\physlets\classes\images\bdoughnut.gif --> penta3.ufrgs.br /home/ronald/physlets/physlets/classes/images bdoughnut.gif
104.01.26 18:09 B C:\Documents and Settings\ronald\Meus documentos\physlets\physlets\classes\images\bg2.gif --> penta3.ufrgs.br /home/ronald/physlets/physlets/classes/images bg2.gif
104.01.26 18:09 B C:\Documents and Settings\ronald\Meus documentos\physlets\physlets\classes\images\bg3.gif --> penta3.ufrgs.br /home/ronald/physlets/physlets/classes/images bg3.gif
104.01.26 18:09 B C:\Documents and Settings\ronald\Meus documentos\physlets\physlets\classes\images\blue-ball-small.gif --> penta3.ufrgs.br /home/ronald/physlets/physlets/classes/images blue-ball-small.gif
104.01.26 18:09 B C:\Documents and Settings\ronald\Meus documentos\physlets\physlets\classes\images\blue-ball.gif --> penta3.ufrgs.br /home/ronald/physlets/physlets/classes/images blue-ball.gif
104.01.26 18:09 B C:\Documents and Settings\ronald\Meus documentos\physlets\physlets\classes\images\blue3.gif --> penta3.ufrgs.br /home/ronald/physlets/physlets/classes/images blue3.gif
104.01.26 18:09 B C:\Documents and Settings\ronald\Meus documentos\physlets\physlets\classes\images\box.gif --> penta3.ufrgs.br /home/ronald/physlets/physlets/classes/images box.gif
104.01.26 18:09 B C:\Documents and Settings\ronald\Meus documentos\physlets\physlets\classes\images\bullet.gif --> penta3.ufrgs.br /home/ronald/physlets/physlets/classes/images bullet.gif
104.01.26 18:09 B C:\Documents and Settings\ronald\Meus documentos\physlets\physlets\classes\images\bunny.gif --> penta3.ufrgs.br /home/ronald/physlets/physlets/classes/images bunny.gif
104.01.26 18:09 B C:\Documents and Settings\ronald\Meus documentos\physlets\physlets\classes\images\cart_large.gif --> penta3.ufrgs.br /home/ronald/physlets/physlets/classes/images cart_large.gif
104.01.26 18:09 B C:\Documents and Settings\ronald\Meus documentos\physlets\physlets\classes\images\cart_small.gif --> penta3.ufrgs.br /home/ronald/physlets/physlets/classes/images cart_small.gif
104.01.26 18:09 B C:\Documents and Settings\ronald\Meus documentos\physlets\physlets\classes\images\chair.jpg --> penta3.ufrgs.br /home/ronald/physlets/physlets/classes/images chair.jpg
104.01.26 18:09 B C:\Documents and Settings\ronald\Meus documentos\physlets\physlets\classes\images\chalk.jpg --> penta3.ufrgs.br /home/ronald/physlets/physlets/classes/images chalk.jpg
104.01.26 18:09 B C:\Documents and Settings\ronald\Meus documentos\physlets\physlets\classes\images\cyan-ball-small.gif --> penta3.ufrgs.br /home/ronald/physlets/physlets/classes/images cyan-ball-small.gif
104.01.26 18:09 B C:\Documents and Settings\ronald\Meus documentos\physlets\physlets\classes\images\cyan-ball.gif --> penta3.ufrgs.br /home/ronald/physlets/physlets/classes/images cyan-ball.gif
104.01.26 18:09 B C:\Documents and Settings\ronald\Meus documentos\physlets\physlets\classes\images\darrow.gif --> penta3.ufrgs.br /home/ronald/physlets/physlets/classes/images darrow.gif
104.01.26 18:09 B C:\Documents and Settings\ronald\Meus documentos\physlets\physlets\classes\images\doughnut.gif --> penta3.ufrgs.br /home/ronald/physlets/physlets/classes/images doughnut.gif
104.01.26 18:09 B C:\Documents and Settings\ronald\Meus documentos\physlets\physlets\classes\images\dpull.gif --> penta3.ufrgs.br /home/ronald/physlets/physlets/classes/images dpull.gif
104.01.26 18:09 B C:\Documents and Settings\ronald\Meus documentos\physlets\physlets\classes\images\error-index.gif --> penta3.ufrgs.br /home/ronald/physlets/physlets/classes/images error-index.gif
104.01.26 18:09 B C:\Documents and Settings\ronald\Meus documentos\physlets\physlets\classes\images\fci14.gif --> penta3.ufrgs.br /home/ronald/physlets/physlets/classes/images fci14.gif
104.01.26 18:09 B C:\Documents and Settings\ronald\Meus documentos\physlets\physlets\classes\images\fci18.gif --> penta3.ufrgs.br /home/ronald/physlets/physlets/classes/images fci18.gif
104.01.26 18:09 B C:\Documents and Settings\ronald\Meus documentos\physlets\physlets\classes\images\fci21.gif --> penta3.ufrgs.br /home/ronald/physlets/physlets/classes/images fci21.gif
104.01.26 18:09 B C:\Documents and Settings\ronald\Meus documentos\physlets\physlets\classes\images\fci7.gif --> penta3.ufrgs.br /home/ronald/physlets/physlets/classes/images fci7.gif
104.01.26 18:09 B C:\Documents and Settings\ronald\Meus documentos\physlets\physlets\classes\images\field-index.gif --> penta3.ufrgs.br /home/ronald/physlets/physlets/classes/images field-index.gif
104.01.26 18:09 B C:\Documents and Settings\ronald\Meus documentos\physlets\physlets\classes\images\fields.gif --> penta3.ufrgs.br /home/ronald/physlets/physlets/classes/images fields.gif
104.01.26 18:09 B C:\Documents and Settings\ronald\Meus documentos\physlets\physlets\classes\images\flash.gif --> penta3.ufrgs.br /home/ronald/physlets/physlets/classes/images flash.gif
104.01.26 18:09 B C:\Documents and Settings\ronald\Meus documentos\physlets\physlets\classes\images\green-ball-small.gif --> penta3.ufrgs.br /home/ronald/physlets/physlets/classes/images green-ball-small.gif
104.01.26 18:09 B C:\Documents and Settings\ronald\Meus documentos\physlets\physlets\classes\images\green-ball.gif --> penta3.ufrgs.br /home/ronald/physlets/physlets/classes/images green-ball.gif
104.01.26 18:09 B C:\Documents and Settings\ronald\Meus documentos\physlets\physlets\classes\images\green-on.gif --> penta3.ufrgs.br /home/ronald/physlets/physlets/classes/images green-on.gif
104.01.26 18:09 B C:\Documents and Settings\ronald\Meus documentos\physlets\physlets\classes\images\larrow.gif --> penta3.ufrgs.br /home/ronald/physlets/physlets/classes/images larrow.gif
104.01.26 18:09 B C:\Documents and Settings\ronald\Meus documentos\physlets\physlets\classes\images\Logo_tiny.gif --> penta3.ufrgs.br /home/ronald/physlets/physlets/classes/images Logo_tiny.gif
104.01.26 18:09 B C:\Documents and Settings\ronald\Meus documentos\physlets\physlets\classes\images\lpull.gif --> penta3.ufrgs.br /home/ronald/physlets/physlets/classes/images lpull.gif
104.01.26 18:09 B C:\Documents and Settings\ronald\Meus documentos\physlets\physlets\classes\images\magenta-ball-small.gif --> penta3.ufrgs.br /home/ronald/physlets/physlets/classes/images magenta-ball-small.gif
104.01.26 18:09 B C:\Documents and Settings\ronald\Meus documentos\physlets\physlets\classes\images\magenta-ball.gif --> penta3.ufrgs.br /home/ronald/physlets/physlets/classes/images magenta-ball.gif
104.01.26 18:09 B C:\Documents and Settings\ronald\Meus documentos\physlets\physlets\classes\images\methods.gif --> penta3.ufrgs.br /home/ronald/physlets/physlets/classes/images methods.gif
104.01.26 18:09 B C:\Documents and Settings\ronald\Meus documentos\physlets\physlets\classes\images\pin.gif --> penta3.ufrgs.br /home/ronald/physlets/physlets/classes/images pin.gif
104.01.26 18:09 B C:\Documents and Settings\ronald\Meus documentos\physlets\physlets\classes\images\PRENHALL_OLSLOGO.GIF --> penta3.ufrgs.br /home/ronald/physlets/physlets/classes/images PRENHALL_OLSLOGO.GIF
104.01.26 18:09 B C:\Documents and Settings\ronald\Meus documentos\physlets\physlets\classes\images\pushing_figure.gif --> penta3.ufrgs.br /home/ronald/physlets/physlets/classes/images pushing_figure.gif
104.01.26 18:09 B C:\Documents and Settings\ronald\Meus documentos\physlets\physlets\classes\images\rarrow.gif --> penta3.ufrgs.br /home/ronald/physlets/physlets/classes/images rarrow.gif
104.01.26 18:09 B C:\Documents and Settings\ronald\Meus documentos\physlets\physlets\classes\images\rball.gif --> penta3.ufrgs.br /home/ronald/physlets/physlets/classes/images rball.gif
104.01.26 18:09 B C:\Documents and Settings\ronald\Meus documentos\physlets\physlets\classes\images\red-ball-small.gif --> penta3.ufrgs.br /home/ronald/physlets/physlets/classes/images red-ball-small.gif
104.01.26 18:09 B C:\Documents and Settings\ronald\Meus documentos\physlets\physlets\classes\images\red-ball.gif --> penta3.ufrgs.br /home/ronald/physlets/physlets/classes/images red-ball.gif
104.01.26 18:09 B C:\Documents and Settings\ronald\Meus documentos\physlets\physlets\classes\images\red-on.gif --> penta3.ufrgs.br /home/ronald/physlets/physlets/classes/images red-on.gif
104.01.26 18:09 B C:\Documents and Settings\ronald\Meus documentos\physlets\physlets\classes\images\rktdrawn.gif --> penta3.ufrgs.br /home/ronald/physlets/physlets/classes/images rktdrawn.gif
104.01.26 18:09 B C:\Documents and Settings\ronald\Meus documentos\physlets\physlets\classes\images\rpull.gif --> penta3.ufrgs.br /home/ronald/physlets/physlets/classes/images rpull.gif
104.01.26 18:09 B C:\Documents and Settings\ronald\Meus documentos\physlets\physlets\classes\images\smallball.gif --> penta3.ufrgs.br /home/ronald/physlets/physlets/classes/images smallball.gif
104.01.26 18:09 B C:\Documents and Settings\ronald\Meus documentos\physlets\physlets\classes\images\smallpin.gif --> penta3.ufrgs.br /home/ronald/physlets/physlets/classes/images smallpin.gif
104.01.26 18:09 B C:\Documents and Settings\ronald\Meus documentos\physlets\physlets\classes\images\smcar.gif --> penta3.ufrgs.br /home/ronald/physlets/physlets/classes/images smcar.gif
104.01.26 18:09 B C:\Documents and Settings\ronald\Meus documentos\physlets\physlets\classes\images\smcube.gif --> penta3.ufrgs.br /home/ronald/physlets/physlets/classes/images smcube.gif
104.01.26 18:09 B C:\Documents and Settings\ronald\Meus documentos\physlets\physlets\classes\images\tensball.gif --> penta3.ufrgs.br /home/ronald/physlets/physlets/classes/images tensball.gif
104.01.26 18:09 B C:\Documents and Settings\ronald\Meus documentos\physlets\physlets\classes\images\thrust.gif --> penta3.ufrgs.br /home/ronald/physlets/physlets/classes/images thrust.gif
104.01.26 18:09 B C:\Documents and Settings\ronald\Meus documentos\physlets\physlets\classes\images\Thumbs.db --> penta3.ufrgs.br /home/ronald/physlets/physlets/classes/images Thumbs.db
104.01.26 18:09 B C:\Documents and Settings\ronald\Meus documentos\physlets\physlets\classes\images\tree.gif --> penta3.ufrgs.br /home/ronald/physlets/physlets/classes/images tree.gif
104.01.26 18:09 B C:\Documents and Settings\ronald\Meus documentos\physlets\physlets\classes\images\uarrow.gif --> penta3.ufrgs.br /home/ronald/physlets/physlets/classes/images uarrow.gif
104.01.26 18:09 B C:\Documents and Settings\ronald\Meus documentos\physlets\physlets\classes\images\undercon.gif --> penta3.ufrgs.br /home/ronald/physlets/physlets/classes/images undercon.gif
104.01.26 18:09 B C:\Documents and Settings\ronald\Meus documentos\physlets\physlets\classes\images\uppull.gif --> penta3.ufrgs.br /home/ronald/physlets/physlets/classes/images uppull.gif
104.01.26 18:09 B C:\Documents and Settings\ronald\Meus documentos\physlets\physlets\classes\images\variable-index.gif --> penta3.ufrgs.br /home/ronald/physlets/physlets/classes/images variable-index.gif
104.01.26 18:09 B C:\Documents and Settings\ronald\Meus documentos\physlets\physlets\classes\images\variables-ORIG.gif --> penta3.ufrgs.br /home/ronald/physlets/physlets/classes/images variables-ORIG.gif
104.01.26 18:09 B C:\Documents and Settings\ronald\Meus documentos\physlets\physlets\classes\images\variables.gif --> penta3.ufrgs.br /home/ronald/physlets/physlets/classes/images variables.gif
104.01.26 18:09 B C:\Documents and Settings\ronald\Meus documentos\physlets\physlets\classes\images\webphys.gif --> penta3.ufrgs.br /home/ronald/physlets/physlets/classes/images webphys.gif
104.01.26 18:09 B C:\Documents and Settings\ronald\Meus documentos\physlets\physlets\classes\images\WS_FTP.LOG --> penta3.ufrgs.br /home/ronald/physlets/physlets/classes/images WS_FTP.LOG
104.01.26 18:09 B C:\Documents and Settings\ronald\Meus documentos\physlets\physlets\classes\images\ydoughnut.gif --> penta3.ufrgs.br /home/ronald/physlets/physlets/classes/images ydoughnut.gif
104.01.26 18:09 B C:\Documents and Settings\ronald\Meus documentos\physlets\physlets\classes\images\yellow-ball-small.gif --> penta3.ufrgs.br /home/ronald/physlets/physlets/classes/images yellow-ball-small.gif
104.01.26 18:09 B C:\Documents and Settings\ronald\Meus documentos\physlets\physlets\classes\images\yellow-ball.gif --> penta3.ufrgs.br /home/ronald/physlets/physlets/classes/images yellow-ball.gif
2004.02.05 17:10 B c:\Documents and Settings\ronald\Meus documentos\physlets\physlets\classes\images\2lrhands.gif --> penta3.ufrgs.br /fisica/physlets/physlets/classes/images 2lrhands.gif
2004.02.05 17:10 B c:\Documents and Settings\ronald\Meus documentos\physlets\physlets\classes\images\2udhands.gif --> penta3.ufrgs.br /fisica/physlets/physlets/classes/images 2udhands.gif
2004.02.05 17:10 B c:\Documents and Settings\ronald\Meus documentos\physlets\physlets\classes\images\30ularrow.gif --> penta3.ufrgs.br /fisica/physlets/physlets/classes/images 30ularrow.gif
2004.02.05 17:10 B c:\Documents and Settings\ronald\Meus documentos\physlets\physlets\classes\images\30ularrow2.gif --> penta3.ufrgs.br /fisica/physlets/physlets/classes/images 30ularrow2.gif
2004.02.05 17:10 B c:\Documents and Settings\ronald\Meus documentos\physlets\physlets\classes\images\45ularrow.gif --> penta3.ufrgs.br /fisica/physlets/physlets/classes/images 45ularrow.gif
2004.02.05 17:10 B c:\Documents and Settings\ronald\Meus documentos\physlets\physlets\classes\images\4hands.gif --> penta3.ufrgs.br /fisica/physlets/physlets/classes/images 4hands.gif
2004.02.05 17:10 B c:\Documents and Settings\ronald\Meus documentos\physlets\physlets\classes\images\back.gif --> penta3.ufrgs.br /fisica/physlets/physlets/classes/images back.gif
2004.02.05 17:10 B c:\Documents and Settings\ronald\Meus documentos\physlets\physlets\classes\images\ball.gif --> penta3.ufrgs.br /fisica/physlets/physlets/classes/images ball.gif
2004.02.05 17:10 B c:\Documents and Settings\ronald\Meus documentos\physlets\physlets\classes\images\bat.gif --> penta3.ufrgs.br /fisica/physlets/physlets/classes/images bat.gif
2004.02.05 17:10 B c:\Documents and Settings\ronald\Meus documentos\physlets\physlets\classes\images\bdoughnut.gif --> penta3.ufrgs.br /fisica/physlets/physlets/classes/images bdoughnut.gif
2004.02.05 17:10 B c:\Documents and Settings\ronald\Meus documentos\physlets\physlets\classes\images\bg2.gif --> penta3.ufrgs.br /fisica/physlets/physlets/classes/images bg2.gif
2004.02.05 17:10 B c:\Documents and Settings\ronald\Meus documentos\physlets\physlets\classes\images\bg3.gif --> penta3.ufrgs.br /fisica/physlets/physlets/classes/images bg3.gif
2004.02.05 17:10 B c:\Documents and Settings\ronald\Meus documentos\physlets\physlets\classes\images\blue-ball-small.gif --> penta3.ufrgs.br /fisica/physlets/physlets/classes/images blue-ball-small.gif
2004.02.05 17:10 B c:\Documents and Settings\ronald\Meus documentos\physlets\physlets\classes\images\blue-ball.gif --> penta3.ufrgs.br /fisica/physlets/physlets/classes/images blue-ball.gif
2004.02.05 17:10 B c:\Documents and Settings\ronald\Meus documentos\physlets\physlets\classes\images\blue3.gif --> penta3.ufrgs.br /fisica/physlets/physlets/classes/images blue3.gif
2004.02.05 17:10 B c:\Documents and Settings\ronald\Meus documentos\physlets\physlets\classes\images\box.gif --> penta3.ufrgs.br /fisica/physlets/physlets/classes/images box.gif
2004.02.05 17:10 B c:\Documents and Settings\ronald\Meus documentos\physlets\physlets\classes\images\bullet.gif --> penta3.ufrgs.br /fisica/physlets/physlets/classes/images bullet.gif
2004.02.05 17:10 B c:\Documents and Settings\ronald\Meus documentos\physlets\physlets\classes\images\bunny.gif --> penta3.ufrgs.br /fisica/physlets/physlets/classes/images bunny.gif
2004.02.05 17:10 B c:\Documents and Settings\ronald\Meus documentos\physlets\physlets\classes\images\cart_large.gif --> penta3.ufrgs.br /fisica/physlets/physlets/classes/images cart_large.gif
2004.02.05 17:10 B c:\Documents and Settings\ronald\Meus documentos\physlets\physlets\classes\images\cart_small.gif --> penta3.ufrgs.br /fisica/physlets/physlets/classes/images cart_small.gif
2004.02.05 17:10 B c:\Documents and Settings\ronald\Meus documentos\physlets\physlets\classes\images\chair.jpg --> penta3.ufrgs.br /fisica/physlets/physlets/classes/images chair.jpg
2004.02.05 17:10 B c:\Documents and Settings\ronald\Meus documentos\physlets\physlets\classes\images\chalk.jpg --> penta3.ufrgs.br /fisica/physlets/physlets/classes/images chalk.jpg
2004.02.05 17:10 B c:\Documents and Settings\ronald\Meus documentos\physlets\physlets\classes\images\cyan-ball-small.gif --> penta3.ufrgs.br /fisica/physlets/physlets/classes/images cyan-ball-small.gif
2004.02.05 17:10 B c:\Documents and Settings\ronald\Meus documentos\physlets\physlets\classes\images\cyan-ball.gif --> penta3.ufrgs.br /fisica/physlets/physlets/classes/images cyan-ball.gif
2004.02.05 17:10 B c:\Documents and Settings\ronald\Meus documentos\physlets\physlets\classes\images\darrow.gif --> penta3.ufrgs.br /fisica/physlets/physlets/classes/images darrow.gif
2004.02.05 17:10 B c:\Documents and Settings\ronald\Meus documentos\physlets\physlets\classes\images\doughnut.gif --> penta3.ufrgs.br /fisica/physlets/physlets/classes/images doughnut.gif
2004.02.05 17:10 B c:\Documents and Settings\ronald\Meus documentos\physlets\physlets\classes\images\dpull.gif --> penta3.ufrgs.br /fisica/physlets/physlets/classes/images dpull.gif
2004.02.05 17:10 B c:\Documents and Settings\ronald\Meus documentos\physlets\physlets\classes\images\error-index.gif --> penta3.ufrgs.br /fisica/physlets/physlets/classes/images error-index.gif
2004.02.05 17:10 B c:\Documents and Settings\ronald\Meus documentos\physlets\physlets\classes\images\fci14.gif --> penta3.ufrgs.br /fisica/physlets/physlets/classes/images fci14.gif
2004.02.05 17:10 B c:\Documents and Settings\ronald\Meus documentos\physlets\physlets\classes\images\fci18.gif --> penta3.ufrgs.br /fisica/physlets/physlets/classes/images fci18.gif
2004.02.05 17:10 B c:\Documents and Settings\ronald\Meus documentos\physlets\physlets\classes\images\fci21.gif --> penta3.ufrgs.br /fisica/physlets/physlets/classes/images fci21.gif
2004.02.05 17:10 B c:\Documents and Settings\ronald\Meus documentos\physlets\physlets\classes\images\fci7.gif --> penta3.ufrgs.br /fisica/physlets/physlets/classes/images fci7.gif
2004.02.05 17:10 B c:\Documents and Settings\ronald\Meus documentos\physlets\physlets\classes\images\field-index.gif --> penta3.ufrgs.br /fisica/physlets/physlets/classes/images field-index.gif
2004.02.05 17:10 B c:\Documents and Settings\ronald\Meus documentos\physlets\physlets\classes\images\fields.gif --> penta3.ufrgs.br /fisica/physlets/physlets/classes/images fields.gif
2004.02.05 17:10 B c:\Documents and Settings\ronald\Meus documentos\physlets\physlets\classes\images\flash.gif --> penta3.ufrgs.br /fisica/physlets/physlets/classes/images flash.gif
2004.02.05 17:10 B c:\Documents and Settings\ronald\Meus documentos\physlets\physlets\classes\images\green-ball-small.gif --> penta3.ufrgs.br /fisica/physlets/physlets/classes/images green-ball-small.gif
2004.02.05 17:10 B c:\Documents and Settings\ronald\Meus documentos\physlets\physlets\classes\images\green-ball.gif --> penta3.ufrgs.br /fisica/physlets/physlets/classes/images green-ball.gif
2004.02.05 17:10 B c:\Documents and Settings\ronald\Meus documentos\physlets\physlets\classes\images\green-on.gif --> penta3.ufrgs.br /fisica/physlets/physlets/classes/images green-on.gif
2004.02.05 17:10 B c:\Documents and Settings\ronald\Meus documentos\physlets\physlets\classes\images\larrow.gif --> penta3.ufrgs.br /fisica/physlets/physlets/classes/images larrow.gif
2004.02.05 17:10 B c:\Documents and Settings\ronald\Meus documentos\physlets\physlets\classes\images\Logo_tiny.gif --> penta3.ufrgs.br /fisica/physlets/physlets/classes/images Logo_tiny.gif
2004.02.05 17:10 B c:\Documents and Settings\ronald\Meus documentos\physlets\physlets\classes\images\lpull.gif --> penta3.ufrgs.br /fisica/physlets/physlets/classes/images lpull.gif
2004.02.05 17:10 B c:\Documents and Settings\ronald\Meus documentos\physlets\physlets\classes\images\magenta-ball-small.gif --> penta3.ufrgs.br /fisica/physlets/physlets/classes/images magenta-ball-small.gif
2004.02.05 17:10 B c:\Documents and Settings\ronald\Meus documentos\physlets\physlets\classes\images\magenta-ball.gif --> penta3.ufrgs.br /fisica/physlets/physlets/classes/images magenta-ball.gif
2004.02.05 17:10 B c:\Documents and Settings\ronald\Meus documentos\physlets\physlets\classes\images\methods.gif --> penta3.ufrgs.br /fisica/physlets/physlets/classes/images methods.gif
2004.02.05 17:10 B c:\Documents and Settings\ronald\Meus documentos\physlets\physlets\classes\images\pin.gif --> penta3.ufrgs.br /fisica/physlets/physlets/classes/images pin.gif
2004.02.05 17:10 B c:\Documents and Settings\ronald\Meus documentos\physlets\physlets\classes\images\PRENHALL_OLSLOGO.GIF --> penta3.ufrgs.br /fisica/physlets/physlets/classes/images PRENHALL_OLSLOGO.GIF
2004.02.05 17:10 B c:\Documents and Settings\ronald\Meus documentos\physlets\physlets\classes\images\pushing_figure.gif --> penta3.ufrgs.br /fisica/physlets/physlets/classes/images pushing_figure.gif
2004.02.05 17:10 B c:\Documents and Settings\ronald\Meus documentos\physlets\physlets\classes\images\rarrow.gif --> penta3.ufrgs.br /fisica/physlets/physlets/classes/images rarrow.gif
2004.02.05 17:10 B c:\Documents and Settings\ronald\Meus documentos\physlets\physlets\classes\images\rball.gif --> penta3.ufrgs.br /fisica/physlets/physlets/classes/images rball.gif
2004.02.05 17:10 B c:\Documents and Settings\ronald\Meus documentos\physlets\physlets\classes\images\red-ball-small.gif --> penta3.ufrgs.br /fisica/physlets/physlets/classes/images red-ball-small.gif
2004.02.05 17:10 B c:\Documents and Settings\ronald\Meus documentos\physlets\physlets\classes\images\red-ball.gif --> penta3.ufrgs.br /fisica/physlets/physlets/classes/images red-ball.gif
2004.02.05 17:10 B c:\Documents and Settings\ronald\Meus documentos\physlets\physlets\classes\images\red-on.gif --> penta3.ufrgs.br /fisica/physlets/physlets/classes/images red-on.gif
2004.02.05 17:10 B c:\Documents and Settings\ronald\Meus documentos\physlets\physlets\classes\images\rktdrawn.gif --> penta3.ufrgs.br /fisica/physlets/physlets/classes/images rktdrawn.gif
2004.02.05 17:10 B c:\Documents and Settings\ronald\Meus documentos\physlets\physlets\classes\images\rpull.gif --> penta3.ufrgs.br /fisica/physlets/physlets/classes/images rpull.gif
2004.02.05 17:10 B c:\Documents and Settings\ronald\Meus documentos\physlets\physlets\classes\images\smallball.gif --> penta3.ufrgs.br /fisica/physlets/physlets/classes/images smallball.gif
2004.02.05 17:10 B c:\Documents and Settings\ronald\Meus documentos\physlets\physlets\classes\images\smallpin.gif --> penta3.ufrgs.br /fisica/physlets/physlets/classes/images smallpin.gif
2004.02.05 17:10 B c:\Documents and Settings\ronald\Meus documentos\physlets\physlets\classes\images\smcar.gif --> penta3.ufrgs.br /fisica/physlets/physlets/classes/images smcar.gif
2004.02.05 17:10 B c:\Documents and Settings\ronald\Meus documentos\physlets\physlets\classes\images\smcube.gif --> penta3.ufrgs.br /fisica/physlets/physlets/classes/images smcube.gif
2004.02.05 17:10 B c:\Documents and Settings\ronald\Meus documentos\physlets\physlets\classes\images\tensball.gif --> penta3.ufrgs.br /fisica/physlets/physlets/classes/images tensball.gif
2004.02.05 17:10 B c:\Documents and Settings\ronald\Meus documentos\physlets\physlets\classes\images\thrust.gif --> penta3.ufrgs.br /fisica/physlets/physlets/classes/images thrust.gif
2004.02.05 17:10 B c:\Documents and Settings\ronald\Meus documentos\physlets\physlets\classes\images\Thumbs.db --> penta3.ufrgs.br /fisica/physlets/physlets/classes/images Thumbs.db
2004.02.05 17:10 B c:\Documents and Settings\ronald\Meus documentos\physlets\physlets\classes\images\tree.gif --> penta3.ufrgs.br /fisica/physlets/physlets/classes/images tree.gif
2004.02.05 17:10 B c:\Documents and Settings\ronald\Meus documentos\physlets\physlets\classes\images\uarrow.gif --> penta3.ufrgs.br /fisica/physlets/physlets/classes/images uarrow.gif
2004.02.05 17:10 B c:\Documents and Settings\ronald\Meus documentos\physlets\physlets\classes\images\undercon.gif --> penta3.ufrgs.br /fisica/physlets/physlets/classes/images undercon.gif
2004.02.05 17:10 B c:\Documents and Settings\ronald\Meus documentos\physlets\physlets\classes\images\uppull.gif --> penta3.ufrgs.br /fisica/physlets/physlets/classes/images uppull.gif
2004.02.05 17:10 B c:\Documents and Settings\ronald\Meus documentos\physlets\physlets\classes\images\variable-index.gif --> penta3.ufrgs.br /fisica/physlets/physlets/classes/images variable-index.gif
2004.02.05 17:10 B c:\Documents and Settings\ronald\Meus documentos\physlets\physlets\classes\images\variables-ORIG.gif --> penta3.ufrgs.br /fisica/physlets/physlets/classes/images variables-ORIG.gif
2004.02.05 17:10 B c:\Documents and Settings\ronald\Meus documentos\physlets\physlets\classes\images\variables.gif --> penta3.ufrgs.br /fisica/physlets/physlets/classes/images variables.gif
2004.02.05 17:10 B c:\Documents and Settings\ronald\Meus documentos\physlets\physlets\classes\images\webphys.gif --> penta3.ufrgs.br /fisica/physlets/physlets/classes/images webphys.gif
