103.12.23 17:33 B C:\Documents and Settings\ronald\Meus documentos\physlets\physlets\classes\billeder\11.gif --> penta3.ufrgs.br /home/elektra/ProgramD/templates/html/physlets/classes/billeder 11.gif
103.12.23 17:33 B C:\Documents and Settings\ronald\Meus documentos\physlets\physlets\classes\billeder\alfa1.gif --> penta3.ufrgs.br /home/elektra/ProgramD/templates/html/physlets/classes/billeder alfa1.gif
103.12.23 17:33 B C:\Documents and Settings\ronald\Meus documentos\physlets\physlets\classes\billeder\anibold1.gif --> penta3.ufrgs.br /home/elektra/ProgramD/templates/html/physlets/classes/billeder anibold1.gif
103.12.23 17:33 B C:\Documents and Settings\ronald\Meus documentos\physlets\physlets\classes\billeder\baskball.gif --> penta3.ufrgs.br /home/elektra/ProgramD/templates/html/physlets/classes/billeder baskball.gif
103.12.23 17:33 B C:\Documents and Settings\ronald\Meus documentos\physlets\physlets\classes\billeder\bg1.gif --> penta3.ufrgs.br /home/elektra/ProgramD/templates/html/physlets/classes/billeder bg1.gif
103.12.23 17:33 B C:\Documents and Settings\ronald\Meus documentos\physlets\physlets\classes\billeder\bg2.gif --> penta3.ufrgs.br /home/elektra/ProgramD/templates/html/physlets/classes/billeder bg2.gif
103.12.23 17:33 B C:\Documents and Settings\ronald\Meus documentos\physlets\physlets\classes\billeder\bg3.gif --> penta3.ufrgs.br /home/elektra/ProgramD/templates/html/physlets/classes/billeder bg3.gif
103.12.23 17:33 B C:\Documents and Settings\ronald\Meus documentos\physlets\physlets\classes\billeder\bg4.gif --> penta3.ufrgs.br /home/elektra/ProgramD/templates/html/physlets/classes/billeder bg4.gif
103.12.23 17:33 B C:\Documents and Settings\ronald\Meus documentos\physlets\physlets\classes\billeder\bg5.gif --> penta3.ufrgs.br /home/elektra/ProgramD/templates/html/physlets/classes/billeder bg5.gif
103.12.23 17:34 B C:\Documents and Settings\ronald\Meus documentos\physlets\physlets\classes\billeder\bg6.gif --> penta3.ufrgs.br /home/elektra/ProgramD/templates/html/physlets/classes/billeder bg6.gif
103.12.23 17:34 B C:\Documents and Settings\ronald\Meus documentos\physlets\physlets\classes\billeder\bg7.gif --> penta3.ufrgs.br /home/elektra/ProgramD/templates/html/physlets/classes/billeder bg7.gif
103.12.23 17:34 B C:\Documents and Settings\ronald\Meus documentos\physlets\physlets\classes\billeder\blaabaggrund.gif --> penta3.ufrgs.br /home/elektra/ProgramD/templates/html/physlets/classes/billeder blaabaggrund.gif
103.12.23 17:34 B C:\Documents and Settings\ronald\Meus documentos\physlets\physlets\classes\billeder\delta.gif --> penta3.ufrgs.br /home/elektra/ProgramD/templates/html/physlets/classes/billeder delta.gif
103.12.23 17:34 B C:\Documents and Settings\ronald\Meus documentos\physlets\physlets\classes\billeder\deltas1.gif --> penta3.ufrgs.br /home/elektra/ProgramD/templates/html/physlets/classes/billeder deltas1.gif
103.12.23 17:34 B C:\Documents and Settings\ronald\Meus documentos\physlets\physlets\classes\billeder\deltat1.gif --> penta3.ufrgs.br /home/elektra/ProgramD/templates/html/physlets/classes/billeder deltat1.gif
103.12.23 17:34 B C:\Documents and Settings\ronald\Meus documentos\physlets\physlets\classes\billeder\dudeb.gif --> penta3.ufrgs.br /home/elektra/ProgramD/templates/html/physlets/classes/billeder dudeb.gif
103.12.23 17:34 B C:\Documents and Settings\ronald\Meus documentos\physlets\physlets\classes\billeder\fake1.gif --> penta3.ufrgs.br /home/elektra/ProgramD/templates/html/physlets/classes/billeder fake1.gif
103.12.23 17:34 B C:\Documents and Settings\ronald\Meus documentos\physlets\physlets\classes\billeder\fci15.gif --> penta3.ufrgs.br /home/elektra/ProgramD/templates/html/physlets/classes/billeder fci15.gif
103.12.23 17:34 B C:\Documents and Settings\ronald\Meus documentos\physlets\physlets\classes\billeder\fci18.gif --> penta3.ufrgs.br /home/elektra/ProgramD/templates/html/physlets/classes/billeder fci18.gif
103.12.23 17:34 B C:\Documents and Settings\ronald\Meus documentos\physlets\physlets\classes\billeder\fci21.gif --> penta3.ufrgs.br /home/elektra/ProgramD/templates/html/physlets/classes/billeder fci21.gif
103.12.23 17:34 B C:\Documents and Settings\ronald\Meus documentos\physlets\physlets\classes\billeder\fci28fm1.gif --> penta3.ufrgs.br /home/elektra/ProgramD/templates/html/physlets/classes/billeder fci28fm1.gif
103.12.23 17:34 B C:\Documents and Settings\ronald\Meus documentos\physlets\physlets\classes\billeder\fci28fm2.gif --> penta3.ufrgs.br /home/elektra/ProgramD/templates/html/physlets/classes/billeder fci28fm2.gif
103.12.23 17:34 B C:\Documents and Settings\ronald\Meus documentos\physlets\physlets\classes\billeder\fci5and6.gif --> penta3.ufrgs.br /home/elektra/ProgramD/templates/html/physlets/classes/billeder fci5and6.gif
103.12.23 17:34 B C:\Documents and Settings\ronald\Meus documentos\physlets\physlets\classes\billeder\formel1.gif --> penta3.ufrgs.br /home/elektra/ProgramD/templates/html/physlets/classes/billeder formel1.gif
103.12.23 17:34 B C:\Documents and Settings\ronald\Meus documentos\physlets\physlets\classes\billeder\formel2.gif --> penta3.ufrgs.br /home/elektra/ProgramD/templates/html/physlets/classes/billeder formel2.gif
103.12.23 17:34 B C:\Documents and Settings\ronald\Meus documentos\physlets\physlets\classes\billeder\formel3.gif --> penta3.ufrgs.br /home/elektra/ProgramD/templates/html/physlets/classes/billeder formel3.gif
103.12.23 17:34 B C:\Documents and Settings\ronald\Meus documentos\physlets\physlets\classes\billeder\formel4.gif --> penta3.ufrgs.br /home/elektra/ProgramD/templates/html/physlets/classes/billeder formel4.gif
103.12.23 17:34 B C:\Documents and Settings\ronald\Meus documentos\physlets\physlets\classes\billeder\formel5.gif --> penta3.ufrgs.br /home/elektra/ProgramD/templates/html/physlets/classes/billeder formel5.gif
103.12.23 17:34 B C:\Documents and Settings\ronald\Meus documentos\physlets\physlets\classes\billeder\formel6.gif --> penta3.ufrgs.br /home/elektra/ProgramD/templates/html/physlets/classes/billeder formel6.gif
103.12.23 17:34 B C:\Documents and Settings\ronald\Meus documentos\physlets\physlets\classes\billeder\formel7.gif --> penta3.ufrgs.br /home/elektra/ProgramD/templates/html/physlets/classes/billeder formel7.gif
103.12.23 17:34 B C:\Documents and Settings\ronald\Meus documentos\physlets\physlets\classes\billeder\formel8.gif --> penta3.ufrgs.br /home/elektra/ProgramD/templates/html/physlets/classes/billeder formel8.gif
103.12.23 17:34 B C:\Documents and Settings\ronald\Meus documentos\physlets\physlets\classes\billeder\formel9.gif --> penta3.ufrgs.br /home/elektra/ProgramD/templates/html/physlets/classes/billeder formel9.gif
103.12.23 17:34 B C:\Documents and Settings\ronald\Meus documentos\physlets\physlets\classes\billeder\hest_ani.gif --> penta3.ufrgs.br /home/elektra/ProgramD/templates/html/physlets/classes/billeder hest_ani.gif
103.12.23 17:34 B C:\Documents and Settings\ronald\Meus documentos\physlets\physlets\classes\billeder\hest_ani1.gif --> penta3.ufrgs.br /home/elektra/ProgramD/templates/html/physlets/classes/billeder hest_ani1.gif
103.12.23 17:34 B C:\Documents and Settings\ronald\Meus documentos\physlets\physlets\classes\billeder\hest_ani2.gif --> penta3.ufrgs.br /home/elektra/ProgramD/templates/html/physlets/classes/billeder hest_ani2.gif
103.12.23 17:34 B C:\Documents and Settings\ronald\Meus documentos\physlets\physlets\classes\billeder\hest_ani3.gif --> penta3.ufrgs.br /home/elektra/ProgramD/templates/html/physlets/classes/billeder hest_ani3.gif
103.12.23 17:34 B C:\Documents and Settings\ronald\Meus documentos\physlets\physlets\classes\billeder\hest_ani4.gif --> penta3.ufrgs.br /home/elektra/ProgramD/templates/html/physlets/classes/billeder hest_ani4.gif
103.12.23 17:34 B C:\Documents and Settings\ronald\Meus documentos\physlets\physlets\classes\billeder\hest_ani5.gif --> penta3.ufrgs.br /home/elektra/ProgramD/templates/html/physlets/classes/billeder hest_ani5.gif
103.12.23 17:34 B C:\Documents and Settings\ronald\Meus documentos\physlets\physlets\classes\billeder\hest_ani6.gif --> penta3.ufrgs.br /home/elektra/ProgramD/templates/html/physlets/classes/billeder hest_ani6.gif
103.12.23 17:34 B C:\Documents and Settings\ronald\Meus documentos\physlets\physlets\classes\billeder\hest_ani7.gif --> penta3.ufrgs.br /home/elektra/ProgramD/templates/html/physlets/classes/billeder hest_ani7.gif
103.12.23 17:34 B C:\Documents and Settings\ronald\Meus documentos\physlets\physlets\classes\billeder\hest_ani8.gif --> penta3.ufrgs.br /home/elektra/ProgramD/templates/html/physlets/classes/billeder hest_ani8.gif
103.12.23 17:34 B C:\Documents and Settings\ronald\Meus documentos\physlets\physlets\classes\billeder\jet.gif --> penta3.ufrgs.br /home/elektra/ProgramD/templates/html/physlets/classes/billeder jet.gif
103.12.23 17:34 B C:\Documents and Settings\ronald\Meus documentos\physlets\physlets\classes\billeder\landskab.gif --> penta3.ufrgs.br /home/elektra/ProgramD/templates/html/physlets/classes/billeder landskab.gif
103.12.23 17:34 B C:\Documents and Settings\ronald\Meus documentos\physlets\physlets\classes\billeder\lgtruck.gif --> penta3.ufrgs.br /home/elektra/ProgramD/templates/html/physlets/classes/billeder lgtruck.gif
103.12.23 17:34 B C:\Documents and Settings\ronald\Meus documentos\physlets\physlets\classes\billeder\pspbrwse.jbf --> penta3.ufrgs.br /home/elektra/ProgramD/templates/html/physlets/classes/billeder pspbrwse.jbf
103.12.23 17:34 B C:\Documents and Settings\ronald\Meus documentos\physlets\physlets\classes\billeder\skib1.gif --> penta3.ufrgs.br /home/elektra/ProgramD/templates/html/physlets/classes/billeder skib1.gif
103.12.23 17:34 B C:\Documents and Settings\ronald\Meus documentos\physlets\physlets\classes\billeder\skib2.gif --> penta3.ufrgs.br /home/elektra/ProgramD/templates/html/physlets/classes/billeder skib2.gif
103.12.23 17:34 B C:\Documents and Settings\ronald\Meus documentos\physlets\physlets\classes\billeder\skib3.gif --> penta3.ufrgs.br /home/elektra/ProgramD/templates/html/physlets/classes/billeder skib3.gif
103.12.23 17:34 B C:\Documents and Settings\ronald\Meus documentos\physlets\physlets\classes\billeder\skib_ani1.gif --> penta3.ufrgs.br /home/elektra/ProgramD/templates/html/physlets/classes/billeder skib_ani1.gif
103.12.23 17:34 B C:\Documents and Settings\ronald\Meus documentos\physlets\physlets\classes\billeder\skib_ani2.gif --> penta3.ufrgs.br /home/elektra/ProgramD/templates/html/physlets/classes/billeder skib_ani2.gif
103.12.23 17:34 B C:\Documents and Settings\ronald\Meus documentos\physlets\physlets\classes\billeder\skib_ani3.gif --> penta3.ufrgs.br /home/elektra/ProgramD/templates/html/physlets/classes/billeder skib_ani3.gif
103.12.23 17:34 B C:\Documents and Settings\ronald\Meus documentos\physlets\physlets\classes\billeder\skib_ani4.gif --> penta3.ufrgs.br /home/elektra/ProgramD/templates/html/physlets/classes/billeder skib_ani4.gif
103.12.23 17:34 B C:\Documents and Settings\ronald\Meus documentos\physlets\physlets\classes\billeder\skib_ani5.gif --> penta3.ufrgs.br /home/elektra/ProgramD/templates/html/physlets/classes/billeder skib_ani5.gif
103.12.23 17:34 B C:\Documents and Settings\ronald\Meus documentos\physlets\physlets\classes\billeder\skib_ani6.gif --> penta3.ufrgs.br /home/elektra/ProgramD/templates/html/physlets/classes/billeder skib_ani6.gif
103.12.23 17:34 B C:\Documents and Settings\ronald\Meus documentos\physlets\physlets\classes\billeder\skier.gif --> penta3.ufrgs.br /home/elektra/ProgramD/templates/html/physlets/classes/billeder skier.gif
103.12.23 17:34 B C:\Documents and Settings\ronald\Meus documentos\physlets\physlets\classes\billeder\skilt.gif --> penta3.ufrgs.br /home/elektra/ProgramD/templates/html/physlets/classes/billeder skilt.gif
103.12.23 17:34 B C:\Documents and Settings\ronald\Meus documentos\physlets\physlets\classes\billeder\slinie1.gif --> penta3.ufrgs.br /home/elektra/ProgramD/templates/html/physlets/classes/billeder slinie1.gif
103.12.23 17:34 B C:\Documents and Settings\ronald\Meus documentos\physlets\physlets\classes\billeder\smcar.gif --> penta3.ufrgs.br /home/elektra/ProgramD/templates/html/physlets/classes/billeder smcar.gif
103.12.23 17:34 B C:\Documents and Settings\ronald\Meus documentos\physlets\physlets\classes\billeder\tensball.gif --> penta3.ufrgs.br /home/elektra/ProgramD/templates/html/physlets/classes/billeder tensball.gif
103.12.23 17:34 B C:\Documents and Settings\ronald\Meus documentos\physlets\physlets\classes\billeder\tensball2.gif --> penta3.ufrgs.br /home/elektra/ProgramD/templates/html/physlets/classes/billeder tensball2.gif
103.12.23 17:34 B C:\Documents and Settings\ronald\Meus documentos\physlets\physlets\classes\billeder\thrust.gif --> penta3.ufrgs.br /home/elektra/ProgramD/templates/html/physlets/classes/billeder thrust.gif
103.12.23 17:34 B C:\Documents and Settings\ronald\Meus documentos\physlets\physlets\classes\billeder\truck1.gif --> penta3.ufrgs.br /home/elektra/ProgramD/templates/html/physlets/classes/billeder truck1.gif
103.12.23 17:34 B C:\Documents and Settings\ronald\Meus documentos\physlets\physlets\classes\billeder\truck2.gif --> penta3.ufrgs.br /home/elektra/ProgramD/templates/html/physlets/classes/billeder truck2.gif
103.12.23 17:34 B C:\Documents and Settings\ronald\Meus documentos\physlets\physlets\classes\billeder\truck3.gif --> penta3.ufrgs.br /home/elektra/ProgramD/templates/html/physlets/classes/billeder truck3.gif
103.12.23 17:34 B C:\Documents and Settings\ronald\Meus documentos\physlets\physlets\classes\billeder\truck4.gif --> penta3.ufrgs.br /home/elektra/ProgramD/templates/html/physlets/classes/billeder truck4.gif
103.12.23 17:34 B C:\Documents and Settings\ronald\Meus documentos\physlets\physlets\classes\billeder\uarrow.gif --> penta3.ufrgs.br /home/elektra/ProgramD/templates/html/physlets/classes/billeder uarrow.gif
103.12.23 17:34 B C:\Documents and Settings\ronald\Meus documentos\physlets\physlets\classes\billeder\11.gif --> penta3.ufrgs.br /home/elektra/public_html/ProgramD/templates/html/physlets/classes/billeder 11.gif
103.12.23 17:34 B C:\Documents and Settings\ronald\Meus documentos\physlets\physlets\classes\billeder\alfa1.gif --> penta3.ufrgs.br /home/elektra/public_html/ProgramD/templates/html/physlets/classes/billeder alfa1.gif
103.12.23 17:34 B C:\Documents and Settings\ronald\Meus documentos\physlets\physlets\classes\billeder\anibold1.gif --> penta3.ufrgs.br /home/elektra/public_html/ProgramD/templates/html/physlets/classes/billeder anibold1.gif
103.12.23 17:34 B C:\Documents and Settings\ronald\Meus documentos\physlets\physlets\classes\billeder\baskball.gif --> penta3.ufrgs.br /home/elektra/public_html/ProgramD/templates/html/physlets/classes/billeder baskball.gif
103.12.23 17:34 B C:\Documents and Settings\ronald\Meus documentos\physlets\physlets\classes\billeder\bg1.gif --> penta3.ufrgs.br /home/elektra/public_html/ProgramD/templates/html/physlets/classes/billeder bg1.gif
103.12.23 17:34 B C:\Documents and Settings\ronald\Meus documentos\physlets\physlets\classes\billeder\bg2.gif --> penta3.ufrgs.br /home/elektra/public_html/ProgramD/templates/html/physlets/classes/billeder bg2.gif
103.12.23 17:34 B C:\Documents and Settings\ronald\Meus documentos\physlets\physlets\classes\billeder\bg3.gif --> penta3.ufrgs.br /home/elektra/public_html/ProgramD/templates/html/physlets/classes/billeder bg3.gif
103.12.23 17:34 B C:\Documents and Settings\ronald\Meus documentos\physlets\physlets\classes\billeder\bg4.gif --> penta3.ufrgs.br /home/elektra/public_html/ProgramD/templates/html/physlets/classes/billeder bg4.gif
103.12.23 17:34 B C:\Documents and Settings\ronald\Meus documentos\physlets\physlets\classes\billeder\bg5.gif --> penta3.ufrgs.br /home/elektra/public_html/ProgramD/templates/html/physlets/classes/billeder bg5.gif
103.12.23 17:34 B C:\Documents and Settings\ronald\Meus documentos\physlets\physlets\classes\billeder\bg6.gif --> penta3.ufrgs.br /home/elektra/public_html/ProgramD/templates/html/physlets/classes/billeder bg6.gif
103.12.23 17:34 B C:\Documents and Settings\ronald\Meus documentos\physlets\physlets\classes\billeder\bg7.gif --> penta3.ufrgs.br /home/elektra/public_html/ProgramD/templates/html/physlets/classes/billeder bg7.gif
103.12.23 17:34 B C:\Documents and Settings\ronald\Meus documentos\physlets\physlets\classes\billeder\blaabaggrund.gif --> penta3.ufrgs.br /home/elektra/public_html/ProgramD/templates/html/physlets/classes/billeder blaabaggrund.gif
103.12.23 17:34 B C:\Documents and Settings\ronald\Meus documentos\physlets\physlets\classes\billeder\delta.gif --> penta3.ufrgs.br /home/elektra/public_html/ProgramD/templates/html/physlets/classes/billeder delta.gif
103.12.23 17:34 B C:\Documents and Settings\ronald\Meus documentos\physlets\physlets\classes\billeder\deltas1.gif --> penta3.ufrgs.br /home/elektra/public_html/ProgramD/templates/html/physlets/classes/billeder deltas1.gif
103.12.23 17:34 B C:\Documents and Settings\ronald\Meus documentos\physlets\physlets\classes\billeder\deltat1.gif --> penta3.ufrgs.br /home/elektra/public_html/ProgramD/templates/html/physlets/classes/billeder deltat1.gif
103.12.23 17:34 B C:\Documents and Settings\ronald\Meus documentos\physlets\physlets\classes\billeder\dudeb.gif --> penta3.ufrgs.br /home/elektra/public_html/ProgramD/templates/html/physlets/classes/billeder dudeb.gif
103.12.23 17:34 B C:\Documents and Settings\ronald\Meus documentos\physlets\physlets\classes\billeder\fake1.gif --> penta3.ufrgs.br /home/elektra/public_html/ProgramD/templates/html/physlets/classes/billeder fake1.gif
103.12.23 17:34 B C:\Documents and Settings\ronald\Meus documentos\physlets\physlets\classes\billeder\fci15.gif --> penta3.ufrgs.br /home/elektra/public_html/ProgramD/templates/html/physlets/classes/billeder fci15.gif
103.12.23 17:34 B C:\Documents and Settings\ronald\Meus documentos\physlets\physlets\classes\billeder\fci18.gif --> penta3.ufrgs.br /home/elektra/public_html/ProgramD/templates/html/physlets/classes/billeder fci18.gif
103.12.23 17:34 B C:\Documents and Settings\ronald\Meus documentos\physlets\physlets\classes\billeder\fci21.gif --> penta3.ufrgs.br /home/elektra/public_html/ProgramD/templates/html/physlets/classes/billeder fci21.gif
103.12.23 17:34 B C:\Documents and Settings\ronald\Meus documentos\physlets\physlets\classes\billeder\fci28fm1.gif --> penta3.ufrgs.br /home/elektra/public_html/ProgramD/templates/html/physlets/classes/billeder fci28fm1.gif
103.12.23 17:34 B C:\Documents and Settings\ronald\Meus documentos\physlets\physlets\classes\billeder\fci28fm2.gif --> penta3.ufrgs.br /home/elektra/public_html/ProgramD/templates/html/physlets/classes/billeder fci28fm2.gif
103.12.23 17:34 B C:\Documents and Settings\ronald\Meus documentos\physlets\physlets\classes\billeder\fci5and6.gif --> penta3.ufrgs.br /home/elektra/public_html/ProgramD/templates/html/physlets/classes/billeder fci5and6.gif
103.12.23 17:34 B C:\Documents and Settings\ronald\Meus documentos\physlets\physlets\classes\billeder\formel1.gif --> penta3.ufrgs.br /home/elektra/public_html/ProgramD/templates/html/physlets/classes/billeder formel1.gif
103.12.23 17:34 B C:\Documents and Settings\ronald\Meus documentos\physlets\physlets\classes\billeder\formel2.gif --> penta3.ufrgs.br /home/elektra/public_html/ProgramD/templates/html/physlets/classes/billeder formel2.gif
103.12.23 17:34 B C:\Documents and Settings\ronald\Meus documentos\physlets\physlets\classes\billeder\formel3.gif --> penta3.ufrgs.br /home/elektra/public_html/ProgramD/templates/html/physlets/classes/billeder formel3.gif
103.12.23 17:34 B C:\Documents and Settings\ronald\Meus documentos\physlets\physlets\classes\billeder\formel4.gif --> penta3.ufrgs.br /home/elektra/public_html/ProgramD/templates/html/physlets/classes/billeder formel4.gif
103.12.23 17:34 B C:\Documents and Settings\ronald\Meus documentos\physlets\physlets\classes\billeder\formel5.gif --> penta3.ufrgs.br /home/elektra/public_html/ProgramD/templates/html/physlets/classes/billeder formel5.gif
103.12.23 17:34 B C:\Documents and Settings\ronald\Meus documentos\physlets\physlets\classes\billeder\formel6.gif --> penta3.ufrgs.br /home/elektra/public_html/ProgramD/templates/html/physlets/classes/billeder formel6.gif
103.12.23 17:34 B C:\Documents and Settings\ronald\Meus documentos\physlets\physlets\classes\billeder\formel7.gif --> penta3.ufrgs.br /home/elektra/public_html/ProgramD/templates/html/physlets/classes/billeder formel7.gif
103.12.23 17:34 B C:\Documents and Settings\ronald\Meus documentos\physlets\physlets\classes\billeder\formel8.gif --> penta3.ufrgs.br /home/elektra/public_html/ProgramD/templates/html/physlets/classes/billeder formel8.gif
103.12.23 17:34 B C:\Documents and Settings\ronald\Meus documentos\physlets\physlets\classes\billeder\formel9.gif --> penta3.ufrgs.br /home/elektra/public_html/ProgramD/templates/html/physlets/classes/billeder formel9.gif
103.12.23 17:34 B C:\Documents and Settings\ronald\Meus documentos\physlets\physlets\classes\billeder\hest_ani.gif --> penta3.ufrgs.br /home/elektra/public_html/ProgramD/templates/html/physlets/classes/billeder hest_ani.gif
103.12.23 17:34 B C:\Documents and Settings\ronald\Meus documentos\physlets\physlets\classes\billeder\hest_ani1.gif --> penta3.ufrgs.br /home/elektra/public_html/ProgramD/templates/html/physlets/classes/billeder hest_ani1.gif
103.12.23 17:34 B C:\Documents and Settings\ronald\Meus documentos\physlets\physlets\classes\billeder\hest_ani2.gif --> penta3.ufrgs.br /home/elektra/public_html/ProgramD/templates/html/physlets/classes/billeder hest_ani2.gif
103.12.23 17:34 B C:\Documents and Settings\ronald\Meus documentos\physlets\physlets\classes\billeder\hest_ani3.gif --> penta3.ufrgs.br /home/elektra/public_html/ProgramD/templates/html/physlets/classes/billeder hest_ani3.gif
103.12.23 17:34 B C:\Documents and Settings\ronald\Meus documentos\physlets\physlets\classes\billeder\hest_ani4.gif --> penta3.ufrgs.br /home/elektra/public_html/ProgramD/templates/html/physlets/classes/billeder hest_ani4.gif
103.12.23 17:34 B C:\Documents and Settings\ronald\Meus documentos\physlets\physlets\classes\billeder\hest_ani5.gif --> penta3.ufrgs.br /home/elektra/public_html/ProgramD/templates/html/physlets/classes/billeder hest_ani5.gif
103.12.23 17:34 B C:\Documents and Settings\ronald\Meus documentos\physlets\physlets\classes\billeder\hest_ani6.gif --> penta3.ufrgs.br /home/elektra/public_html/ProgramD/templates/html/physlets/classes/billeder hest_ani6.gif
103.12.23 17:34 B C:\Documents and Settings\ronald\Meus documentos\physlets\physlets\classes\billeder\hest_ani7.gif --> penta3.ufrgs.br /home/elektra/public_html/ProgramD/templates/html/physlets/classes/billeder hest_ani7.gif
103.12.23 17:34 B C:\Documents and Settings\ronald\Meus documentos\physlets\physlets\classes\billeder\hest_ani8.gif --> penta3.ufrgs.br /home/elektra/public_html/ProgramD/templates/html/physlets/classes/billeder hest_ani8.gif
103.12.23 17:34 B C:\Documents and Settings\ronald\Meus documentos\physlets\physlets\classes\billeder\jet.gif --> penta3.ufrgs.br /home/elektra/public_html/ProgramD/templates/html/physlets/classes/billeder jet.gif
103.12.23 17:34 B C:\Documents and Settings\ronald\Meus documentos\physlets\physlets\classes\billeder\landskab.gif --> penta3.ufrgs.br /home/elektra/public_html/ProgramD/templates/html/physlets/classes/billeder landskab.gif
103.12.23 17:34 B C:\Documents and Settings\ronald\Meus documentos\physlets\physlets\classes\billeder\lgtruck.gif --> penta3.ufrgs.br /home/elektra/public_html/ProgramD/templates/html/physlets/classes/billeder lgtruck.gif
103.12.23 17:34 B C:\Documents and Settings\ronald\Meus documentos\physlets\physlets\classes\billeder\pspbrwse.jbf --> penta3.ufrgs.br /home/elektra/public_html/ProgramD/templates/html/physlets/classes/billeder pspbrwse.jbf
103.12.23 17:34 B C:\Documents and Settings\ronald\Meus documentos\physlets\physlets\classes\billeder\skib1.gif --> penta3.ufrgs.br /home/elektra/public_html/ProgramD/templates/html/physlets/classes/billeder skib1.gif
103.12.23 17:34 B C:\Documents and Settings\ronald\Meus documentos\physlets\physlets\classes\billeder\skib2.gif --> penta3.ufrgs.br /home/elektra/public_html/ProgramD/templates/html/physlets/classes/billeder skib2.gif
103.12.23 17:34 B C:\Documents and Settings\ronald\Meus documentos\physlets\physlets\classes\billeder\skib3.gif --> penta3.ufrgs.br /home/elektra/public_html/ProgramD/templates/html/physlets/classes/billeder skib3.gif
103.12.23 17:34 B C:\Documents and Settings\ronald\Meus documentos\physlets\physlets\classes\billeder\skib_ani1.gif --> penta3.ufrgs.br /home/elektra/public_html/ProgramD/templates/html/physlets/classes/billeder skib_ani1.gif
103.12.23 17:34 B C:\Documents and Settings\ronald\Meus documentos\physlets\physlets\classes\billeder\skib_ani2.gif --> penta3.ufrgs.br /home/elektra/public_html/ProgramD/templates/html/physlets/classes/billeder skib_ani2.gif
103.12.23 17:34 B C:\Documents and Settings\ronald\Meus documentos\physlets\physlets\classes\billeder\skib_ani3.gif --> penta3.ufrgs.br /home/elektra/public_html/ProgramD/templates/html/physlets/classes/billeder skib_ani3.gif
103.12.23 17:34 B C:\Documents and Settings\ronald\Meus documentos\physlets\physlets\classes\billeder\skib_ani4.gif --> penta3.ufrgs.br /home/elektra/public_html/ProgramD/templates/html/physlets/classes/billeder skib_ani4.gif
103.12.23 17:34 B C:\Documents and Settings\ronald\Meus documentos\physlets\physlets\classes\billeder\skib_ani5.gif --> penta3.ufrgs.br /home/elektra/public_html/ProgramD/templates/html/physlets/classes/billeder skib_ani5.gif
103.12.23 17:34 B C:\Documents and Settings\ronald\Meus documentos\physlets\physlets\classes\billeder\skib_ani6.gif --> penta3.ufrgs.br /home/elektra/public_html/ProgramD/templates/html/physlets/classes/billeder skib_ani6.gif
103.12.23 17:35 B C:\Documents and Settings\ronald\Meus documentos\physlets\physlets\classes\billeder\skier.gif --> penta3.ufrgs.br /home/elektra/public_html/ProgramD/templates/html/physlets/classes/billeder skier.gif
103.12.23 17:35 B C:\Documents and Settings\ronald\Meus documentos\physlets\physlets\classes\billeder\skilt.gif --> penta3.ufrgs.br /home/elektra/public_html/ProgramD/templates/html/physlets/classes/billeder skilt.gif
103.12.23 17:35 B C:\Documents and Settings\ronald\Meus documentos\physlets\physlets\classes\billeder\slinie1.gif --> penta3.ufrgs.br /home/elektra/public_html/ProgramD/templates/html/physlets/classes/billeder slinie1.gif
103.12.23 17:35 B C:\Documents and Settings\ronald\Meus documentos\physlets\physlets\classes\billeder\smcar.gif --> penta3.ufrgs.br /home/elektra/public_html/ProgramD/templates/html/physlets/classes/billeder smcar.gif
103.12.23 17:35 B C:\Documents and Settings\ronald\Meus documentos\physlets\physlets\classes\billeder\tensball.gif --> penta3.ufrgs.br /home/elektra/public_html/ProgramD/templates/html/physlets/classes/billeder tensball.gif
103.12.23 17:35 B C:\Documents and Settings\ronald\Meus documentos\physlets\physlets\classes\billeder\tensball2.gif --> penta3.ufrgs.br /home/elektra/public_html/ProgramD/templates/html/physlets/classes/billeder tensball2.gif
103.12.23 17:35 B C:\Documents and Settings\ronald\Meus documentos\physlets\physlets\classes\billeder\thrust.gif --> penta3.ufrgs.br /home/elektra/public_html/ProgramD/templates/html/physlets/classes/billeder thrust.gif
103.12.23 17:35 B C:\Documents and Settings\ronald\Meus documentos\physlets\physlets\classes\billeder\truck1.gif --> penta3.ufrgs.br /home/elektra/public_html/ProgramD/templates/html/physlets/classes/billeder truck1.gif
103.12.23 17:35 B C:\Documents and Settings\ronald\Meus documentos\physlets\physlets\classes\billeder\truck2.gif --> penta3.ufrgs.br /home/elektra/public_html/ProgramD/templates/html/physlets/classes/billeder truck2.gif
103.12.23 17:35 B C:\Documents and Settings\ronald\Meus documentos\physlets\physlets\classes\billeder\truck3.gif --> penta3.ufrgs.br /home/elektra/public_html/ProgramD/templates/html/physlets/classes/billeder truck3.gif
103.12.23 17:35 B C:\Documents and Settings\ronald\Meus documentos\physlets\physlets\classes\billeder\truck4.gif --> penta3.ufrgs.br /home/elektra/public_html/ProgramD/templates/html/physlets/classes/billeder truck4.gif
103.12.23 17:35 B C:\Documents and Settings\ronald\Meus documentos\physlets\physlets\classes\billeder\uarrow.gif --> penta3.ufrgs.br /home/elektra/public_html/ProgramD/templates/html/physlets/classes/billeder uarrow.gif
103.12.23 17:35 B C:\Documents and Settings\ronald\Meus documentos\physlets\physlets\classes\billeder\WS_FTP.LOG --> penta3.ufrgs.br /home/elektra/public_html/ProgramD/templates/html/physlets/classes/billeder WS_FTP.LOG
104.01.26 18:09 B C:\Documents and Settings\ronald\Meus documentos\physlets\physlets\classes\billeder\11.gif --> penta3.ufrgs.br /home/ronald/physlets/physlets/classes/billeder 11.gif
104.01.26 18:09 B C:\Documents and Settings\ronald\Meus documentos\physlets\physlets\classes\billeder\alfa1.gif --> penta3.ufrgs.br /home/ronald/physlets/physlets/classes/billeder alfa1.gif
104.01.26 18:09 B C:\Documents and Settings\ronald\Meus documentos\physlets\physlets\classes\billeder\anibold1.gif --> penta3.ufrgs.br /home/ronald/physlets/physlets/classes/billeder anibold1.gif
104.01.26 18:09 B C:\Documents and Settings\ronald\Meus documentos\physlets\physlets\classes\billeder\baskball.gif --> penta3.ufrgs.br /home/ronald/physlets/physlets/classes/billeder baskball.gif
104.01.26 18:09 B C:\Documents and Settings\ronald\Meus documentos\physlets\physlets\classes\billeder\bg1.gif --> penta3.ufrgs.br /home/ronald/physlets/physlets/classes/billeder bg1.gif
104.01.26 18:09 B C:\Documents and Settings\ronald\Meus documentos\physlets\physlets\classes\billeder\bg2.gif --> penta3.ufrgs.br /home/ronald/physlets/physlets/classes/billeder bg2.gif
104.01.26 18:09 B C:\Documents and Settings\ronald\Meus documentos\physlets\physlets\classes\billeder\bg3.gif --> penta3.ufrgs.br /home/ronald/physlets/physlets/classes/billeder bg3.gif
104.01.26 18:09 B C:\Documents and Settings\ronald\Meus documentos\physlets\physlets\classes\billeder\bg4.gif --> penta3.ufrgs.br /home/ronald/physlets/physlets/classes/billeder bg4.gif
104.01.26 18:09 B C:\Documents and Settings\ronald\Meus documentos\physlets\physlets\classes\billeder\bg5.gif --> penta3.ufrgs.br /home/ronald/physlets/physlets/classes/billeder bg5.gif
104.01.26 18:09 B C:\Documents and Settings\ronald\Meus documentos\physlets\physlets\classes\billeder\bg6.gif --> penta3.ufrgs.br /home/ronald/physlets/physlets/classes/billeder bg6.gif
104.01.26 18:09 B C:\Documents and Settings\ronald\Meus documentos\physlets\physlets\classes\billeder\bg7.gif --> penta3.ufrgs.br /home/ronald/physlets/physlets/classes/billeder bg7.gif
104.01.26 18:09 B C:\Documents and Settings\ronald\Meus documentos\physlets\physlets\classes\billeder\blaabaggrund.gif --> penta3.ufrgs.br /home/ronald/physlets/physlets/classes/billeder blaabaggrund.gif
104.01.26 18:09 B C:\Documents and Settings\ronald\Meus documentos\physlets\physlets\classes\billeder\delta.gif --> penta3.ufrgs.br /home/ronald/physlets/physlets/classes/billeder delta.gif
104.01.26 18:09 B C:\Documents and Settings\ronald\Meus documentos\physlets\physlets\classes\billeder\deltas1.gif --> penta3.ufrgs.br /home/ronald/physlets/physlets/classes/billeder deltas1.gif
104.01.26 18:09 B C:\Documents and Settings\ronald\Meus documentos\physlets\physlets\classes\billeder\deltat1.gif --> penta3.ufrgs.br /home/ronald/physlets/physlets/classes/billeder deltat1.gif
104.01.26 18:09 B C:\Documents and Settings\ronald\Meus documentos\physlets\physlets\classes\billeder\dudeb.gif --> penta3.ufrgs.br /home/ronald/physlets/physlets/classes/billeder dudeb.gif
104.01.26 18:09 B C:\Documents and Settings\ronald\Meus documentos\physlets\physlets\classes\billeder\fake1.gif --> penta3.ufrgs.br /home/ronald/physlets/physlets/classes/billeder fake1.gif
104.01.26 18:09 B C:\Documents and Settings\ronald\Meus documentos\physlets\physlets\classes\billeder\fci15.gif --> penta3.ufrgs.br /home/ronald/physlets/physlets/classes/billeder fci15.gif
104.01.26 18:09 B C:\Documents and Settings\ronald\Meus documentos\physlets\physlets\classes\billeder\fci18.gif --> penta3.ufrgs.br /home/ronald/physlets/physlets/classes/billeder fci18.gif
104.01.26 18:09 B C:\Documents and Settings\ronald\Meus documentos\physlets\physlets\classes\billeder\fci21.gif --> penta3.ufrgs.br /home/ronald/physlets/physlets/classes/billeder fci21.gif
104.01.26 18:09 B C:\Documents and Settings\ronald\Meus documentos\physlets\physlets\classes\billeder\fci28fm1.gif --> penta3.ufrgs.br /home/ronald/physlets/physlets/classes/billeder fci28fm1.gif
104.01.26 18:09 B C:\Documents and Settings\ronald\Meus documentos\physlets\physlets\classes\billeder\fci28fm2.gif --> penta3.ufrgs.br /home/ronald/physlets/physlets/classes/billeder fci28fm2.gif
104.01.26 18:09 B C:\Documents and Settings\ronald\Meus documentos\physlets\physlets\classes\billeder\fci5and6.gif --> penta3.ufrgs.br /home/ronald/physlets/physlets/classes/billeder fci5and6.gif
104.01.26 18:09 B C:\Documents and Settings\ronald\Meus documentos\physlets\physlets\classes\billeder\formel1.gif --> penta3.ufrgs.br /home/ronald/physlets/physlets/classes/billeder formel1.gif
104.01.26 18:09 B C:\Documents and Settings\ronald\Meus documentos\physlets\physlets\classes\billeder\formel2.gif --> penta3.ufrgs.br /home/ronald/physlets/physlets/classes/billeder formel2.gif
104.01.26 18:09 B C:\Documents and Settings\ronald\Meus documentos\physlets\physlets\classes\billeder\formel3.gif --> penta3.ufrgs.br /home/ronald/physlets/physlets/classes/billeder formel3.gif
104.01.26 18:09 B C:\Documents and Settings\ronald\Meus documentos\physlets\physlets\classes\billeder\formel4.gif --> penta3.ufrgs.br /home/ronald/physlets/physlets/classes/billeder formel4.gif
104.01.26 18:09 B C:\Documents and Settings\ronald\Meus documentos\physlets\physlets\classes\billeder\formel5.gif --> penta3.ufrgs.br /home/ronald/physlets/physlets/classes/billeder formel5.gif
104.01.26 18:09 B C:\Documents and Settings\ronald\Meus documentos\physlets\physlets\classes\billeder\formel6.gif --> penta3.ufrgs.br /home/ronald/physlets/physlets/classes/billeder formel6.gif
104.01.26 18:09 B C:\Documents and Settings\ronald\Meus documentos\physlets\physlets\classes\billeder\formel7.gif --> penta3.ufrgs.br /home/ronald/physlets/physlets/classes/billeder formel7.gif
104.01.26 18:09 B C:\Documents and Settings\ronald\Meus documentos\physlets\physlets\classes\billeder\formel8.gif --> penta3.ufrgs.br /home/ronald/physlets/physlets/classes/billeder formel8.gif
104.01.26 18:09 B C:\Documents and Settings\ronald\Meus documentos\physlets\physlets\classes\billeder\formel9.gif --> penta3.ufrgs.br /home/ronald/physlets/physlets/classes/billeder formel9.gif
104.01.26 18:09 B C:\Documents and Settings\ronald\Meus documentos\physlets\physlets\classes\billeder\hest_ani.gif --> penta3.ufrgs.br /home/ronald/physlets/physlets/classes/billeder hest_ani.gif
104.01.26 18:09 B C:\Documents and Settings\ronald\Meus documentos\physlets\physlets\classes\billeder\hest_ani1.gif --> penta3.ufrgs.br /home/ronald/physlets/physlets/classes/billeder hest_ani1.gif
104.01.26 18:09 B C:\Documents and Settings\ronald\Meus documentos\physlets\physlets\classes\billeder\hest_ani2.gif --> penta3.ufrgs.br /home/ronald/physlets/physlets/classes/billeder hest_ani2.gif
104.01.26 18:09 B C:\Documents and Settings\ronald\Meus documentos\physlets\physlets\classes\billeder\hest_ani3.gif --> penta3.ufrgs.br /home/ronald/physlets/physlets/classes/billeder hest_ani3.gif
104.01.26 18:09 B C:\Documents and Settings\ronald\Meus documentos\physlets\physlets\classes\billeder\hest_ani4.gif --> penta3.ufrgs.br /home/ronald/physlets/physlets/classes/billeder hest_ani4.gif
104.01.26 18:09 B C:\Documents and Settings\ronald\Meus documentos\physlets\physlets\classes\billeder\hest_ani5.gif --> penta3.ufrgs.br /home/ronald/physlets/physlets/classes/billeder hest_ani5.gif
104.01.26 18:09 B C:\Documents and Settings\ronald\Meus documentos\physlets\physlets\classes\billeder\hest_ani6.gif --> penta3.ufrgs.br /home/ronald/physlets/physlets/classes/billeder hest_ani6.gif
104.01.26 18:09 B C:\Documents and Settings\ronald\Meus documentos\physlets\physlets\classes\billeder\hest_ani7.gif --> penta3.ufrgs.br /home/ronald/physlets/physlets/classes/billeder hest_ani7.gif
104.01.26 18:09 B C:\Documents and Settings\ronald\Meus documentos\physlets\physlets\classes\billeder\hest_ani8.gif --> penta3.ufrgs.br /home/ronald/physlets/physlets/classes/billeder hest_ani8.gif
104.01.26 18:09 B C:\Documents and Settings\ronald\Meus documentos\physlets\physlets\classes\billeder\jet.gif --> penta3.ufrgs.br /home/ronald/physlets/physlets/classes/billeder jet.gif
104.01.26 18:09 B C:\Documents and Settings\ronald\Meus documentos\physlets\physlets\classes\billeder\landskab.gif --> penta3.ufrgs.br /home/ronald/physlets/physlets/classes/billeder landskab.gif
104.01.26 18:09 B C:\Documents and Settings\ronald\Meus documentos\physlets\physlets\classes\billeder\lgtruck.gif --> penta3.ufrgs.br /home/ronald/physlets/physlets/classes/billeder lgtruck.gif
104.01.26 18:09 B C:\Documents and Settings\ronald\Meus documentos\physlets\physlets\classes\billeder\pspbrwse.jbf --> penta3.ufrgs.br /home/ronald/physlets/physlets/classes/billeder pspbrwse.jbf
104.01.26 18:09 B C:\Documents and Settings\ronald\Meus documentos\physlets\physlets\classes\billeder\skib1.gif --> penta3.ufrgs.br /home/ronald/physlets/physlets/classes/billeder skib1.gif
104.01.26 18:09 B C:\Documents and Settings\ronald\Meus documentos\physlets\physlets\classes\billeder\skib2.gif --> penta3.ufrgs.br /home/ronald/physlets/physlets/classes/billeder skib2.gif
104.01.26 18:09 B C:\Documents and Settings\ronald\Meus documentos\physlets\physlets\classes\billeder\skib3.gif --> penta3.ufrgs.br /home/ronald/physlets/physlets/classes/billeder skib3.gif
104.01.26 18:09 B C:\Documents and Settings\ronald\Meus documentos\physlets\physlets\classes\billeder\skib_ani1.gif --> penta3.ufrgs.br /home/ronald/physlets/physlets/classes/billeder skib_ani1.gif
104.01.26 18:09 B C:\Documents and Settings\ronald\Meus documentos\physlets\physlets\classes\billeder\skib_ani2.gif --> penta3.ufrgs.br /home/ronald/physlets/physlets/classes/billeder skib_ani2.gif
104.01.26 18:09 B C:\Documents and Settings\ronald\Meus documentos\physlets\physlets\classes\billeder\skib_ani3.gif --> penta3.ufrgs.br /home/ronald/physlets/physlets/classes/billeder skib_ani3.gif
104.01.26 18:09 B C:\Documents and Settings\ronald\Meus documentos\physlets\physlets\classes\billeder\skib_ani4.gif --> penta3.ufrgs.br /home/ronald/physlets/physlets/classes/billeder skib_ani4.gif
104.01.26 18:09 B C:\Documents and Settings\ronald\Meus documentos\physlets\physlets\classes\billeder\skib_ani5.gif --> penta3.ufrgs.br /home/ronald/physlets/physlets/classes/billeder skib_ani5.gif
104.01.26 18:09 B C:\Documents and Settings\ronald\Meus documentos\physlets\physlets\classes\billeder\skib_ani6.gif --> penta3.ufrgs.br /home/ronald/physlets/physlets/classes/billeder skib_ani6.gif
104.01.26 18:09 B C:\Documents and Settings\ronald\Meus documentos\physlets\physlets\classes\billeder\skier.gif --> penta3.ufrgs.br /home/ronald/physlets/physlets/classes/billeder skier.gif
104.01.26 18:09 B C:\Documents and Settings\ronald\Meus documentos\physlets\physlets\classes\billeder\skilt.gif --> penta3.ufrgs.br /home/ronald/physlets/physlets/classes/billeder skilt.gif
104.01.26 18:09 B C:\Documents and Settings\ronald\Meus documentos\physlets\physlets\classes\billeder\slinie1.gif --> penta3.ufrgs.br /home/ronald/physlets/physlets/classes/billeder slinie1.gif
104.01.26 18:09 B C:\Documents and Settings\ronald\Meus documentos\physlets\physlets\classes\billeder\smcar.gif --> penta3.ufrgs.br /home/ronald/physlets/physlets/classes/billeder smcar.gif
104.01.26 18:09 B C:\Documents and Settings\ronald\Meus documentos\physlets\physlets\classes\billeder\tensball.gif --> penta3.ufrgs.br /home/ronald/physlets/physlets/classes/billeder tensball.gif
104.01.26 18:09 B C:\Documents and Settings\ronald\Meus documentos\physlets\physlets\classes\billeder\tensball2.gif --> penta3.ufrgs.br /home/ronald/physlets/physlets/classes/billeder tensball2.gif
104.01.26 18:09 B C:\Documents and Settings\ronald\Meus documentos\physlets\physlets\classes\billeder\thrust.gif --> penta3.ufrgs.br /home/ronald/physlets/physlets/classes/billeder thrust.gif
104.01.26 18:09 B C:\Documents and Settings\ronald\Meus documentos\physlets\physlets\classes\billeder\truck1.gif --> penta3.ufrgs.br /home/ronald/physlets/physlets/classes/billeder truck1.gif
104.01.26 18:09 B C:\Documents and Settings\ronald\Meus documentos\physlets\physlets\classes\billeder\truck2.gif --> penta3.ufrgs.br /home/ronald/physlets/physlets/classes/billeder truck2.gif
104.01.26 18:09 B C:\Documents and Settings\ronald\Meus documentos\physlets\physlets\classes\billeder\truck3.gif --> penta3.ufrgs.br /home/ronald/physlets/physlets/classes/billeder truck3.gif
104.01.26 18:09 B C:\Documents and Settings\ronald\Meus documentos\physlets\physlets\classes\billeder\truck4.gif --> penta3.ufrgs.br /home/ronald/physlets/physlets/classes/billeder truck4.gif
104.01.26 18:09 B C:\Documents and Settings\ronald\Meus documentos\physlets\physlets\classes\billeder\uarrow.gif --> penta3.ufrgs.br /home/ronald/physlets/physlets/classes/billeder uarrow.gif
104.01.26 18:09 B C:\Documents and Settings\ronald\Meus documentos\physlets\physlets\classes\billeder\WS_FTP.LOG --> penta3.ufrgs.br /home/ronald/physlets/physlets/classes/billeder WS_FTP.LOG
2004.02.05 17:10 B c:\Documents and Settings\ronald\Meus documentos\physlets\physlets\classes\billeder\11.gif --> penta3.ufrgs.br /fisica/physlets/physlets/classes/billeder 11.gif
2004.02.05 17:10 B c:\Documents and Settings\ronald\Meus documentos\physlets\physlets\classes\billeder\alfa1.gif --> penta3.ufrgs.br /fisica/physlets/physlets/classes/billeder alfa1.gif
2004.02.05 17:10 B c:\Documents and Settings\ronald\Meus documentos\physlets\physlets\classes\billeder\anibold1.gif --> penta3.ufrgs.br /fisica/physlets/physlets/classes/billeder anibold1.gif
2004.02.05 17:10 B c:\Documents and Settings\ronald\Meus documentos\physlets\physlets\classes\billeder\baskball.gif --> penta3.ufrgs.br /fisica/physlets/physlets/classes/billeder baskball.gif
2004.02.05 17:10 B c:\Documents and Settings\ronald\Meus documentos\physlets\physlets\classes\billeder\bg1.gif --> penta3.ufrgs.br /fisica/physlets/physlets/classes/billeder bg1.gif
2004.02.05 17:10 B c:\Documents and Settings\ronald\Meus documentos\physlets\physlets\classes\billeder\bg2.gif --> penta3.ufrgs.br /fisica/physlets/physlets/classes/billeder bg2.gif
2004.02.05 17:10 B c:\Documents and Settings\ronald\Meus documentos\physlets\physlets\classes\billeder\bg3.gif --> penta3.ufrgs.br /fisica/physlets/physlets/classes/billeder bg3.gif
2004.02.05 17:10 B c:\Documents and Settings\ronald\Meus documentos\physlets\physlets\classes\billeder\bg4.gif --> penta3.ufrgs.br /fisica/physlets/physlets/classes/billeder bg4.gif
2004.02.05 17:10 B c:\Documents and Settings\ronald\Meus documentos\physlets\physlets\classes\billeder\bg5.gif --> penta3.ufrgs.br /fisica/physlets/physlets/classes/billeder bg5.gif
2004.02.05 17:10 B c:\Documents and Settings\ronald\Meus documentos\physlets\physlets\classes\billeder\bg6.gif --> penta3.ufrgs.br /fisica/physlets/physlets/classes/billeder bg6.gif
2004.02.05 17:10 B c:\Documents and Settings\ronald\Meus documentos\physlets\physlets\classes\billeder\bg7.gif --> penta3.ufrgs.br /fisica/physlets/physlets/classes/billeder bg7.gif
2004.02.05 17:10 B c:\Documents and Settings\ronald\Meus documentos\physlets\physlets\classes\billeder\blaabaggrund.gif --> penta3.ufrgs.br /fisica/physlets/physlets/classes/billeder blaabaggrund.gif
2004.02.05 17:10 B c:\Documents and Settings\ronald\Meus documentos\physlets\physlets\classes\billeder\delta.gif --> penta3.ufrgs.br /fisica/physlets/physlets/classes/billeder delta.gif
2004.02.05 17:10 B c:\Documents and Settings\ronald\Meus documentos\physlets\physlets\classes\billeder\deltas1.gif --> penta3.ufrgs.br /fisica/physlets/physlets/classes/billeder deltas1.gif
2004.02.05 17:10 B c:\Documents and Settings\ronald\Meus documentos\physlets\physlets\classes\billeder\deltat1.gif --> penta3.ufrgs.br /fisica/physlets/physlets/classes/billeder deltat1.gif
2004.02.05 17:10 B c:\Documents and Settings\ronald\Meus documentos\physlets\physlets\classes\billeder\dudeb.gif --> penta3.ufrgs.br /fisica/physlets/physlets/classes/billeder dudeb.gif
2004.02.05 17:10 B c:\Documents and Settings\ronald\Meus documentos\physlets\physlets\classes\billeder\fake1.gif --> penta3.ufrgs.br /fisica/physlets/physlets/classes/billeder fake1.gif
2004.02.05 17:10 B c:\Documents and Settings\ronald\Meus documentos\physlets\physlets\classes\billeder\fci15.gif --> penta3.ufrgs.br /fisica/physlets/physlets/classes/billeder fci15.gif
2004.02.05 17:10 B c:\Documents and Settings\ronald\Meus documentos\physlets\physlets\classes\billeder\fci18.gif --> penta3.ufrgs.br /fisica/physlets/physlets/classes/billeder fci18.gif
2004.02.05 17:10 B c:\Documents and Settings\ronald\Meus documentos\physlets\physlets\classes\billeder\fci21.gif --> penta3.ufrgs.br /fisica/physlets/physlets/classes/billeder fci21.gif
2004.02.05 17:10 B c:\Documents and Settings\ronald\Meus documentos\physlets\physlets\classes\billeder\fci28fm1.gif --> penta3.ufrgs.br /fisica/physlets/physlets/classes/billeder fci28fm1.gif
2004.02.05 17:10 B c:\Documents and Settings\ronald\Meus documentos\physlets\physlets\classes\billeder\fci28fm2.gif --> penta3.ufrgs.br /fisica/physlets/physlets/classes/billeder fci28fm2.gif
2004.02.05 17:10 B c:\Documents and Settings\ronald\Meus documentos\physlets\physlets\classes\billeder\fci5and6.gif --> penta3.ufrgs.br /fisica/physlets/physlets/classes/billeder fci5and6.gif
2004.02.05 17:10 B c:\Documents and Settings\ronald\Meus documentos\physlets\physlets\classes\billeder\formel1.gif --> penta3.ufrgs.br /fisica/physlets/physlets/classes/billeder formel1.gif
2004.02.05 17:10 B c:\Documents and Settings\ronald\Meus documentos\physlets\physlets\classes\billeder\formel2.gif --> penta3.ufrgs.br /fisica/physlets/physlets/classes/billeder formel2.gif
2004.02.05 17:10 B c:\Documents and Settings\ronald\Meus documentos\physlets\physlets\classes\billeder\formel3.gif --> penta3.ufrgs.br /fisica/physlets/physlets/classes/billeder formel3.gif
2004.02.05 17:10 B c:\Documents and Settings\ronald\Meus documentos\physlets\physlets\classes\billeder\formel4.gif --> penta3.ufrgs.br /fisica/physlets/physlets/classes/billeder formel4.gif
2004.02.05 17:10 B c:\Documents and Settings\ronald\Meus documentos\physlets\physlets\classes\billeder\formel5.gif --> penta3.ufrgs.br /fisica/physlets/physlets/classes/billeder formel5.gif
2004.02.05 17:10 B c:\Documents and Settings\ronald\Meus documentos\physlets\physlets\classes\billeder\formel6.gif --> penta3.ufrgs.br /fisica/physlets/physlets/classes/billeder formel6.gif
2004.02.05 17:10 B c:\Documents and Settings\ronald\Meus documentos\physlets\physlets\classes\billeder\formel7.gif --> penta3.ufrgs.br /fisica/physlets/physlets/classes/billeder formel7.gif
2004.02.05 17:10 B c:\Documents and Settings\ronald\Meus documentos\physlets\physlets\classes\billeder\formel8.gif --> penta3.ufrgs.br /fisica/physlets/physlets/classes/billeder formel8.gif
2004.02.05 17:10 B c:\Documents and Settings\ronald\Meus documentos\physlets\physlets\classes\billeder\formel9.gif --> penta3.ufrgs.br /fisica/physlets/physlets/classes/billeder formel9.gif
2004.02.05 17:10 B c:\Documents and Settings\ronald\Meus documentos\physlets\physlets\classes\billeder\hest_ani.gif --> penta3.ufrgs.br /fisica/physlets/physlets/classes/billeder hest_ani.gif
2004.02.05 17:10 B c:\Documents and Settings\ronald\Meus documentos\physlets\physlets\classes\billeder\hest_ani1.gif --> penta3.ufrgs.br /fisica/physlets/physlets/classes/billeder hest_ani1.gif
2004.02.05 17:10 B c:\Documents and Settings\ronald\Meus documentos\physlets\physlets\classes\billeder\hest_ani2.gif --> penta3.ufrgs.br /fisica/physlets/physlets/classes/billeder hest_ani2.gif
2004.02.05 17:10 B c:\Documents and Settings\ronald\Meus documentos\physlets\physlets\classes\billeder\hest_ani3.gif --> penta3.ufrgs.br /fisica/physlets/physlets/classes/billeder hest_ani3.gif
2004.02.05 17:10 B c:\Documents and Settings\ronald\Meus documentos\physlets\physlets\classes\billeder\hest_ani4.gif --> penta3.ufrgs.br /fisica/physlets/physlets/classes/billeder hest_ani4.gif
2004.02.05 17:10 B c:\Documents and Settings\ronald\Meus documentos\physlets\physlets\classes\billeder\hest_ani5.gif --> penta3.ufrgs.br /fisica/physlets/physlets/classes/billeder hest_ani5.gif
2004.02.05 17:10 B c:\Documents and Settings\ronald\Meus documentos\physlets\physlets\classes\billeder\hest_ani6.gif --> penta3.ufrgs.br /fisica/physlets/physlets/classes/billeder hest_ani6.gif
2004.02.05 17:10 B c:\Documents and Settings\ronald\Meus documentos\physlets\physlets\classes\billeder\hest_ani7.gif --> penta3.ufrgs.br /fisica/physlets/physlets/classes/billeder hest_ani7.gif
2004.02.05 17:10 B c:\Documents and Settings\ronald\Meus documentos\physlets\physlets\classes\billeder\hest_ani8.gif --> penta3.ufrgs.br /fisica/physlets/physlets/classes/billeder hest_ani8.gif
2004.02.05 17:10 B c:\Documents and Settings\ronald\Meus documentos\physlets\physlets\classes\billeder\jet.gif --> penta3.ufrgs.br /fisica/physlets/physlets/classes/billeder jet.gif
2004.02.05 17:10 B c:\Documents and Settings\ronald\Meus documentos\physlets\physlets\classes\billeder\landskab.gif --> penta3.ufrgs.br /fisica/physlets/physlets/classes/billeder landskab.gif
2004.02.05 17:10 B c:\Documents and Settings\ronald\Meus documentos\physlets\physlets\classes\billeder\lgtruck.gif --> penta3.ufrgs.br /fisica/physlets/physlets/classes/billeder lgtruck.gif
2004.02.05 17:10 B c:\Documents and Settings\ronald\Meus documentos\physlets\physlets\classes\billeder\pspbrwse.jbf --> penta3.ufrgs.br /fisica/physlets/physlets/classes/billeder pspbrwse.jbf
2004.02.05 17:10 B c:\Documents and Settings\ronald\Meus documentos\physlets\physlets\classes\billeder\skib1.gif --> penta3.ufrgs.br /fisica/physlets/physlets/classes/billeder skib1.gif
2004.02.05 17:10 B c:\Documents and Settings\ronald\Meus documentos\physlets\physlets\classes\billeder\skib2.gif --> penta3.ufrgs.br /fisica/physlets/physlets/classes/billeder skib2.gif
2004.02.05 17:10 B c:\Documents and Settings\ronald\Meus documentos\physlets\physlets\classes\billeder\skib3.gif --> penta3.ufrgs.br /fisica/physlets/physlets/classes/billeder skib3.gif
2004.02.05 17:10 B c:\Documents and Settings\ronald\Meus documentos\physlets\physlets\classes\billeder\skib_ani1.gif --> penta3.ufrgs.br /fisica/physlets/physlets/classes/billeder skib_ani1.gif
2004.02.05 17:10 B c:\Documents and Settings\ronald\Meus documentos\physlets\physlets\classes\billeder\skib_ani2.gif --> penta3.ufrgs.br /fisica/physlets/physlets/classes/billeder skib_ani2.gif
2004.02.05 17:10 B c:\Documents and Settings\ronald\Meus documentos\physlets\physlets\classes\billeder\skib_ani3.gif --> penta3.ufrgs.br /fisica/physlets/physlets/classes/billeder skib_ani3.gif
2004.02.05 17:10 B c:\Documents and Settings\ronald\Meus documentos\physlets\physlets\classes\billeder\skib_ani4.gif --> penta3.ufrgs.br /fisica/physlets/physlets/classes/billeder skib_ani4.gif
2004.02.05 17:10 B c:\Documents and Settings\ronald\Meus documentos\physlets\physlets\classes\billeder\skib_ani5.gif --> penta3.ufrgs.br /fisica/physlets/physlets/classes/billeder skib_ani5.gif
2004.02.05 17:10 B c:\Documents and Settings\ronald\Meus documentos\physlets\physlets\classes\billeder\skib_ani6.gif --> penta3.ufrgs.br /fisica/physlets/physlets/classes/billeder skib_ani6.gif
2004.02.05 17:10 B c:\Documents and Settings\ronald\Meus documentos\physlets\physlets\classes\billeder\skier.gif --> penta3.ufrgs.br /fisica/physlets/physlets/classes/billeder skier.gif
2004.02.05 17:10 B c:\Documents and Settings\ronald\Meus documentos\physlets\physlets\classes\billeder\skilt.gif --> penta3.ufrgs.br /fisica/physlets/physlets/classes/billeder skilt.gif
2004.02.05 17:10 B c:\Documents and Settings\ronald\Meus documentos\physlets\physlets\classes\billeder\slinie1.gif --> penta3.ufrgs.br /fisica/physlets/physlets/classes/billeder slinie1.gif
2004.02.05 17:10 B c:\Documents and Settings\ronald\Meus documentos\physlets\physlets\classes\billeder\smcar.gif --> penta3.ufrgs.br /fisica/physlets/physlets/classes/billeder smcar.gif
2004.02.05 17:10 B c:\Documents and Settings\ronald\Meus documentos\physlets\physlets\classes\billeder\tensball.gif --> penta3.ufrgs.br /fisica/physlets/physlets/classes/billeder tensball.gif
2004.02.05 17:10 B c:\Documents and Settings\ronald\Meus documentos\physlets\physlets\classes\billeder\tensball2.gif --> penta3.ufrgs.br /fisica/physlets/physlets/classes/billeder tensball2.gif
2004.02.05 17:10 B c:\Documents and Settings\ronald\Meus documentos\physlets\physlets\classes\billeder\thrust.gif --> penta3.ufrgs.br /fisica/physlets/physlets/classes/billeder thrust.gif
2004.02.05 17:10 B c:\Documents and Settings\ronald\Meus documentos\physlets\physlets\classes\billeder\truck1.gif --> penta3.ufrgs.br /fisica/physlets/physlets/classes/billeder truck1.gif
2004.02.05 17:10 B c:\Documents and Settings\ronald\Meus documentos\physlets\physlets\classes\billeder\truck2.gif --> penta3.ufrgs.br /fisica/physlets/physlets/classes/billeder truck2.gif
2004.02.05 17:10 B c:\Documents and Settings\ronald\Meus documentos\physlets\physlets\classes\billeder\truck3.gif --> penta3.ufrgs.br /fisica/physlets/physlets/classes/billeder truck3.gif
2004.02.05 17:10 B c:\Documents and Settings\ronald\Meus documentos\physlets\physlets\classes\billeder\truck4.gif --> penta3.ufrgs.br /fisica/physlets/physlets/classes/billeder truck4.gif
2004.02.05 17:10 B c:\Documents and Settings\ronald\Meus documentos\physlets\physlets\classes\billeder\uarrow.gif --> penta3.ufrgs.br /fisica/physlets/physlets/classes/billeder uarrow.gif
