103.12.23 17:35 B C:\Documents and Settings\ronald\Meus documentos\physlets\physlets\classes\2lrhands.gif --> penta3.ufrgs.br /home/elektra/public_html/ProgramD/templates/html/physlets/classes 2lrhands.gif
103.12.23 17:35 B C:\Documents and Settings\ronald\Meus documentos\physlets\physlets\classes\2udhands.gif --> penta3.ufrgs.br /home/elektra/public_html/ProgramD/templates/html/physlets/classes 2udhands.gif
103.12.23 17:35 B C:\Documents and Settings\ronald\Meus documentos\physlets\physlets\classes\4hands.gif --> penta3.ufrgs.br /home/elektra/public_html/ProgramD/templates/html/physlets/classes 4hands.gif
103.12.23 17:35 B C:\Documents and Settings\ronald\Meus documentos\physlets\physlets\classes\Animator3_.jar --> penta3.ufrgs.br /home/elektra/public_html/ProgramD/templates/html/physlets/classes Animator3_.jar
103.12.23 17:35 B C:\Documents and Settings\ronald\Meus documentos\physlets\physlets\classes\Animator4_.jar --> penta3.ufrgs.br /home/elektra/public_html/ProgramD/templates/html/physlets/classes Animator4_.jar
103.12.23 17:35 B C:\Documents and Settings\ronald\Meus documentos\physlets\physlets\classes\Bar4_.jar --> penta3.ufrgs.br /home/elektra/public_html/ProgramD/templates/html/physlets/classes Bar4_.jar
103.12.23 17:35 B C:\Documents and Settings\ronald\Meus documentos\physlets\physlets\classes\BField.jar --> penta3.ufrgs.br /home/elektra/public_html/ProgramD/templates/html/physlets/classes BField.jar
103.12.23 17:35 B C:\Documents and Settings\ronald\Meus documentos\physlets\physlets\classes\BField4_.jar --> penta3.ufrgs.br /home/elektra/public_html/ProgramD/templates/html/physlets/classes BField4_.jar
103.12.23 17:35 B C:\Documents and Settings\ronald\Meus documentos\physlets\physlets\classes\BlackBody.jar --> penta3.ufrgs.br /home/elektra/public_html/ProgramD/templates/html/physlets/classes BlackBody.jar
103.12.23 17:35 B C:\Documents and Settings\ronald\Meus documentos\physlets\physlets\classes\BlackBody4_.jar --> penta3.ufrgs.br /home/elektra/public_html/ProgramD/templates/html/physlets/classes BlackBody4_.jar
103.12.23 17:35 B C:\Documents and Settings\ronald\Meus documentos\physlets\physlets\classes\Circuit.jar --> penta3.ufrgs.br /home/elektra/public_html/ProgramD/templates/html/physlets/classes Circuit.jar
103.12.23 17:35 B C:\Documents and Settings\ronald\Meus documentos\physlets\physlets\classes\Circuit4_.jar --> penta3.ufrgs.br /home/elektra/public_html/ProgramD/templates/html/physlets/classes Circuit4_.jar
103.12.23 17:35 B C:\Documents and Settings\ronald\Meus documentos\physlets\physlets\classes\DataGraph.jar --> penta3.ufrgs.br /home/elektra/public_html/ProgramD/templates/html/physlets/classes DataGraph.jar
103.12.23 17:35 B C:\Documents and Settings\ronald\Meus documentos\physlets\physlets\classes\DataGraph4_.jar --> penta3.ufrgs.br /home/elektra/public_html/ProgramD/templates/html/physlets/classes DataGraph4_.jar
103.12.23 17:35 B C:\Documents and Settings\ronald\Meus documentos\physlets\physlets\classes\DataTable4_.jar --> penta3.ufrgs.br /home/elektra/public_html/ProgramD/templates/html/physlets/classes DataTable4_.jar
103.12.23 17:35 B C:\Documents and Settings\ronald\Meus documentos\physlets\physlets\classes\Doppler.jar --> penta3.ufrgs.br /home/elektra/public_html/ProgramD/templates/html/physlets/classes Doppler.jar
103.12.23 17:35 B C:\Documents and Settings\ronald\Meus documentos\physlets\physlets\classes\EField4_.jar --> penta3.ufrgs.br /home/elektra/public_html/ProgramD/templates/html/physlets/classes EField4_.jar
103.12.23 17:35 B C:\Documents and Settings\ronald\Meus documentos\physlets\physlets\classes\EMWave.jar --> penta3.ufrgs.br /home/elektra/public_html/ProgramD/templates/html/physlets/classes EMWave.jar
103.12.23 17:35 B C:\Documents and Settings\ronald\Meus documentos\physlets\physlets\classes\EMWave4_.jar --> penta3.ufrgs.br /home/elektra/public_html/ProgramD/templates/html/physlets/classes EMWave4_.jar
103.12.23 17:35 B C:\Documents and Settings\ronald\Meus documentos\physlets\physlets\classes\EnergyEigenvalue4_.jar --> penta3.ufrgs.br /home/elektra/public_html/ProgramD/templates/html/physlets/classes EnergyEigenvalue4_.jar
103.12.23 17:35 B C:\Documents and Settings\ronald\Meus documentos\physlets\physlets\classes\Faraday.jar --> penta3.ufrgs.br /home/elektra/public_html/ProgramD/templates/html/physlets/classes Faraday.jar
103.12.23 17:35 B C:\Documents and Settings\ronald\Meus documentos\physlets\physlets\classes\Faraday4_.jar --> penta3.ufrgs.br /home/elektra/public_html/ProgramD/templates/html/physlets/classes Faraday4_.jar
103.12.23 17:35 B C:\Documents and Settings\ronald\Meus documentos\physlets\physlets\classes\Filters4_.jar --> penta3.ufrgs.br /home/elektra/public_html/ProgramD/templates/html/physlets/classes Filters4_.jar
103.12.23 17:35 B C:\Documents and Settings\ronald\Meus documentos\physlets\physlets\classes\flash.gif --> penta3.ufrgs.br /home/elektra/public_html/ProgramD/templates/html/physlets/classes flash.gif
103.12.23 17:35 B C:\Documents and Settings\ronald\Meus documentos\physlets\physlets\classes\Hydrogenic.jar --> penta3.ufrgs.br /home/elektra/public_html/ProgramD/templates/html/physlets/classes Hydrogenic.jar
103.12.23 17:35 B C:\Documents and Settings\ronald\Meus documentos\physlets\physlets\classes\Hydrogenic4_.jar --> penta3.ufrgs.br /home/elektra/public_html/ProgramD/templates/html/physlets/classes Hydrogenic4_.jar
103.12.23 17:35 B C:\Documents and Settings\ronald\Meus documentos\physlets\physlets\classes\Molecular4_.jar --> penta3.ufrgs.br /home/elektra/public_html/ProgramD/templates/html/physlets/classes Molecular4_.jar
103.12.23 17:35 B C:\Documents and Settings\ronald\Meus documentos\physlets\physlets\classes\Optics.jar --> penta3.ufrgs.br /home/elektra/public_html/ProgramD/templates/html/physlets/classes Optics.jar
103.12.23 17:35 B C:\Documents and Settings\ronald\Meus documentos\physlets\physlets\classes\Optics4_.jar --> penta3.ufrgs.br /home/elektra/public_html/ProgramD/templates/html/physlets/classes Optics4_.jar
103.12.23 17:35 B C:\Documents and Settings\ronald\Meus documentos\physlets\physlets\classes\pencil.gif --> penta3.ufrgs.br /home/elektra/public_html/ProgramD/templates/html/physlets/classes pencil.gif
103.12.23 17:35 B C:\Documents and Settings\ronald\Meus documentos\physlets\physlets\classes\Pipes4_.jar --> penta3.ufrgs.br /home/elektra/public_html/ProgramD/templates/html/physlets/classes Pipes4_.jar
103.12.23 17:35 B C:\Documents and Settings\ronald\Meus documentos\physlets\physlets\classes\Poisson4_.jar --> penta3.ufrgs.br /home/elektra/public_html/ProgramD/templates/html/physlets/classes Poisson4_.jar
103.12.23 17:35 B C:\Documents and Settings\ronald\Meus documentos\physlets\physlets\classes\QTime.jar --> penta3.ufrgs.br /home/elektra/public_html/ProgramD/templates/html/physlets/classes QTime.jar
103.12.23 17:35 B C:\Documents and Settings\ronald\Meus documentos\physlets\physlets\classes\QTime4_.jar --> penta3.ufrgs.br /home/elektra/public_html/ProgramD/templates/html/physlets/classes QTime4_.jar
103.12.23 17:35 B C:\Documents and Settings\ronald\Meus documentos\physlets\physlets\classes\Ripple.jar --> penta3.ufrgs.br /home/elektra/public_html/ProgramD/templates/html/physlets/classes Ripple.jar
103.12.23 17:35 B C:\Documents and Settings\ronald\Meus documentos\physlets\physlets\classes\Ripple4_.jar --> penta3.ufrgs.br /home/elektra/public_html/ProgramD/templates/html/physlets/classes Ripple4_.jar
103.12.23 17:35 B C:\Documents and Settings\ronald\Meus documentos\physlets\physlets\classes\SGraphics.jar --> penta3.ufrgs.br /home/elektra/public_html/ProgramD/templates/html/physlets/classes SGraphics.jar
103.12.23 17:35 B C:\Documents and Settings\ronald\Meus documentos\physlets\physlets\classes\Slider4_.jar --> penta3.ufrgs.br /home/elektra/public_html/ProgramD/templates/html/physlets/classes Slider4_.jar
103.12.23 17:35 B C:\Documents and Settings\ronald\Meus documentos\physlets\physlets\classes\smallball.gif --> penta3.ufrgs.br /home/elektra/public_html/ProgramD/templates/html/physlets/classes smallball.gif
103.12.23 17:35 B C:\Documents and Settings\ronald\Meus documentos\physlets\physlets\classes\smallpin.gif --> penta3.ufrgs.br /home/elektra/public_html/ProgramD/templates/html/physlets/classes smallpin.gif
103.12.23 17:35 B C:\Documents and Settings\ronald\Meus documentos\physlets\physlets\classes\SoundOut.jar --> penta3.ufrgs.br /home/elektra/public_html/ProgramD/templates/html/physlets/classes SoundOut.jar
103.12.23 17:35 B C:\Documents and Settings\ronald\Meus documentos\physlets\physlets\classes\SPlotter4_.jar --> penta3.ufrgs.br /home/elektra/public_html/ProgramD/templates/html/physlets/classes SPlotter4_.jar
103.12.23 17:35 B C:\Documents and Settings\ronald\Meus documentos\physlets\physlets\classes\STools.jar --> penta3.ufrgs.br /home/elektra/public_html/ProgramD/templates/html/physlets/classes STools.jar
103.12.23 17:35 B C:\Documents and Settings\ronald\Meus documentos\physlets\physlets\classes\STools4.jar --> penta3.ufrgs.br /home/elektra/public_html/ProgramD/templates/html/physlets/classes STools4.jar
103.12.23 17:35 B C:\Documents and Settings\ronald\Meus documentos\physlets\physlets\classes\Superposition.jar --> penta3.ufrgs.br /home/elektra/public_html/ProgramD/templates/html/physlets/classes Superposition.jar
103.12.23 17:35 B C:\Documents and Settings\ronald\Meus documentos\physlets\physlets\classes\Superposition4_.jar --> penta3.ufrgs.br /home/elektra/public_html/ProgramD/templates/html/physlets/classes Superposition4_.jar
103.12.23 17:35 B C:\Documents and Settings\ronald\Meus documentos\physlets\physlets\classes\Sync.jar --> penta3.ufrgs.br /home/elektra/public_html/ProgramD/templates/html/physlets/classes Sync.jar
103.12.23 17:35 B C:\Documents and Settings\ronald\Meus documentos\physlets\physlets\classes\Sync4_.jar --> penta3.ufrgs.br /home/elektra/public_html/ProgramD/templates/html/physlets/classes Sync4_.jar
104.01.26 18:09 B C:\Documents and Settings\ronald\Meus documentos\physlets\physlets\classes\2lrhands.gif --> penta3.ufrgs.br /home/ronald/physlets/physlets/classes 2lrhands.gif
104.01.26 18:09 B C:\Documents and Settings\ronald\Meus documentos\physlets\physlets\classes\2udhands.gif --> penta3.ufrgs.br /home/ronald/physlets/physlets/classes 2udhands.gif
104.01.26 18:09 B C:\Documents and Settings\ronald\Meus documentos\physlets\physlets\classes\4hands.gif --> penta3.ufrgs.br /home/ronald/physlets/physlets/classes 4hands.gif
104.01.26 18:09 B C:\Documents and Settings\ronald\Meus documentos\physlets\physlets\classes\Animator3_.jar --> penta3.ufrgs.br /home/ronald/physlets/physlets/classes Animator3_.jar
104.01.26 18:09 B C:\Documents and Settings\ronald\Meus documentos\physlets\physlets\classes\Animator4_.jar --> penta3.ufrgs.br /home/ronald/physlets/physlets/classes Animator4_.jar
104.01.26 18:09 B C:\Documents and Settings\ronald\Meus documentos\physlets\physlets\classes\Bar4_.jar --> penta3.ufrgs.br /home/ronald/physlets/physlets/classes Bar4_.jar
104.01.26 18:09 B C:\Documents and Settings\ronald\Meus documentos\physlets\physlets\classes\BField.jar --> penta3.ufrgs.br /home/ronald/physlets/physlets/classes BField.jar
104.01.26 18:09 B C:\Documents and Settings\ronald\Meus documentos\physlets\physlets\classes\BField4_.jar --> penta3.ufrgs.br /home/ronald/physlets/physlets/classes BField4_.jar
104.01.26 18:09 B C:\Documents and Settings\ronald\Meus documentos\physlets\physlets\classes\BlackBody.jar --> penta3.ufrgs.br /home/ronald/physlets/physlets/classes BlackBody.jar
104.01.26 18:09 B C:\Documents and Settings\ronald\Meus documentos\physlets\physlets\classes\BlackBody4_.jar --> penta3.ufrgs.br /home/ronald/physlets/physlets/classes BlackBody4_.jar
104.01.26 18:09 B C:\Documents and Settings\ronald\Meus documentos\physlets\physlets\classes\Circuit.jar --> penta3.ufrgs.br /home/ronald/physlets/physlets/classes Circuit.jar
104.01.26 18:09 B C:\Documents and Settings\ronald\Meus documentos\physlets\physlets\classes\Circuit4_.jar --> penta3.ufrgs.br /home/ronald/physlets/physlets/classes Circuit4_.jar
104.01.26 18:09 B C:\Documents and Settings\ronald\Meus documentos\physlets\physlets\classes\DataGraph.jar --> penta3.ufrgs.br /home/ronald/physlets/physlets/classes DataGraph.jar
104.01.26 18:09 B C:\Documents and Settings\ronald\Meus documentos\physlets\physlets\classes\DataGraph4_.jar --> penta3.ufrgs.br /home/ronald/physlets/physlets/classes DataGraph4_.jar
104.01.26 18:09 B C:\Documents and Settings\ronald\Meus documentos\physlets\physlets\classes\DataTable4_.jar --> penta3.ufrgs.br /home/ronald/physlets/physlets/classes DataTable4_.jar
104.01.26 18:09 B C:\Documents and Settings\ronald\Meus documentos\physlets\physlets\classes\Doppler.jar --> penta3.ufrgs.br /home/ronald/physlets/physlets/classes Doppler.jar
104.01.26 18:09 B C:\Documents and Settings\ronald\Meus documentos\physlets\physlets\classes\EField4_.jar --> penta3.ufrgs.br /home/ronald/physlets/physlets/classes EField4_.jar
104.01.26 18:09 B C:\Documents and Settings\ronald\Meus documentos\physlets\physlets\classes\EMWave.jar --> penta3.ufrgs.br /home/ronald/physlets/physlets/classes EMWave.jar
104.01.26 18:09 B C:\Documents and Settings\ronald\Meus documentos\physlets\physlets\classes\EMWave4_.jar --> penta3.ufrgs.br /home/ronald/physlets/physlets/classes EMWave4_.jar
104.01.26 18:09 B C:\Documents and Settings\ronald\Meus documentos\physlets\physlets\classes\EnergyEigenvalue4_.jar --> penta3.ufrgs.br /home/ronald/physlets/physlets/classes EnergyEigenvalue4_.jar
104.01.26 18:09 B C:\Documents and Settings\ronald\Meus documentos\physlets\physlets\classes\Faraday.jar --> penta3.ufrgs.br /home/ronald/physlets/physlets/classes Faraday.jar
104.01.26 18:09 B C:\Documents and Settings\ronald\Meus documentos\physlets\physlets\classes\Faraday4_.jar --> penta3.ufrgs.br /home/ronald/physlets/physlets/classes Faraday4_.jar
104.01.26 18:09 B C:\Documents and Settings\ronald\Meus documentos\physlets\physlets\classes\Filters4_.jar --> penta3.ufrgs.br /home/ronald/physlets/physlets/classes Filters4_.jar
104.01.26 18:09 B C:\Documents and Settings\ronald\Meus documentos\physlets\physlets\classes\flash.gif --> penta3.ufrgs.br /home/ronald/physlets/physlets/classes flash.gif
104.01.26 18:09 B C:\Documents and Settings\ronald\Meus documentos\physlets\physlets\classes\Hydrogenic.jar --> penta3.ufrgs.br /home/ronald/physlets/physlets/classes Hydrogenic.jar
104.01.26 18:09 B C:\Documents and Settings\ronald\Meus documentos\physlets\physlets\classes\Hydrogenic4_.jar --> penta3.ufrgs.br /home/ronald/physlets/physlets/classes Hydrogenic4_.jar
104.01.26 18:09 B C:\Documents and Settings\ronald\Meus documentos\physlets\physlets\classes\Molecular4_.jar --> penta3.ufrgs.br /home/ronald/physlets/physlets/classes Molecular4_.jar
104.01.26 18:09 B C:\Documents and Settings\ronald\Meus documentos\physlets\physlets\classes\Optics.jar --> penta3.ufrgs.br /home/ronald/physlets/physlets/classes Optics.jar
104.01.26 18:09 B C:\Documents and Settings\ronald\Meus documentos\physlets\physlets\classes\Optics4_.jar --> penta3.ufrgs.br /home/ronald/physlets/physlets/classes Optics4_.jar
104.01.26 18:09 B C:\Documents and Settings\ronald\Meus documentos\physlets\physlets\classes\pencil.gif --> penta3.ufrgs.br /home/ronald/physlets/physlets/classes pencil.gif
104.01.26 18:09 B C:\Documents and Settings\ronald\Meus documentos\physlets\physlets\classes\Pipes4_.jar --> penta3.ufrgs.br /home/ronald/physlets/physlets/classes Pipes4_.jar
104.01.26 18:09 B C:\Documents and Settings\ronald\Meus documentos\physlets\physlets\classes\Poisson4_.jar --> penta3.ufrgs.br /home/ronald/physlets/physlets/classes Poisson4_.jar
104.01.26 18:09 B C:\Documents and Settings\ronald\Meus documentos\physlets\physlets\classes\QTime.jar --> penta3.ufrgs.br /home/ronald/physlets/physlets/classes QTime.jar
104.01.26 18:09 B C:\Documents and Settings\ronald\Meus documentos\physlets\physlets\classes\QTime4_.jar --> penta3.ufrgs.br /home/ronald/physlets/physlets/classes QTime4_.jar
104.01.26 18:09 B C:\Documents and Settings\ronald\Meus documentos\physlets\physlets\classes\Ripple.jar --> penta3.ufrgs.br /home/ronald/physlets/physlets/classes Ripple.jar
104.01.26 18:09 B C:\Documents and Settings\ronald\Meus documentos\physlets\physlets\classes\Ripple4_.jar --> penta3.ufrgs.br /home/ronald/physlets/physlets/classes Ripple4_.jar
104.01.26 18:09 B C:\Documents and Settings\ronald\Meus documentos\physlets\physlets\classes\SGraphics.jar --> penta3.ufrgs.br /home/ronald/physlets/physlets/classes SGraphics.jar
104.01.26 18:09 B C:\Documents and Settings\ronald\Meus documentos\physlets\physlets\classes\Slider4_.jar --> penta3.ufrgs.br /home/ronald/physlets/physlets/classes Slider4_.jar
104.01.26 18:09 B C:\Documents and Settings\ronald\Meus documentos\physlets\physlets\classes\smallball.gif --> penta3.ufrgs.br /home/ronald/physlets/physlets/classes smallball.gif
104.01.26 18:09 B C:\Documents and Settings\ronald\Meus documentos\physlets\physlets\classes\smallpin.gif --> penta3.ufrgs.br /home/ronald/physlets/physlets/classes smallpin.gif
104.01.26 18:09 B C:\Documents and Settings\ronald\Meus documentos\physlets\physlets\classes\SoundOut.jar --> penta3.ufrgs.br /home/ronald/physlets/physlets/classes SoundOut.jar
104.01.26 18:09 B C:\Documents and Settings\ronald\Meus documentos\physlets\physlets\classes\SPlotter4_.jar --> penta3.ufrgs.br /home/ronald/physlets/physlets/classes SPlotter4_.jar
104.01.26 18:09 B C:\Documents and Settings\ronald\Meus documentos\physlets\physlets\classes\STools.jar --> penta3.ufrgs.br /home/ronald/physlets/physlets/classes STools.jar
104.01.26 18:09 B C:\Documents and Settings\ronald\Meus documentos\physlets\physlets\classes\STools4.jar --> penta3.ufrgs.br /home/ronald/physlets/physlets/classes STools4.jar
104.01.26 18:09 B C:\Documents and Settings\ronald\Meus documentos\physlets\physlets\classes\Superposition.jar --> penta3.ufrgs.br /home/ronald/physlets/physlets/classes Superposition.jar
104.01.26 18:09 B C:\Documents and Settings\ronald\Meus documentos\physlets\physlets\classes\Superposition4_.jar --> penta3.ufrgs.br /home/ronald/physlets/physlets/classes Superposition4_.jar
104.01.26 18:09 B C:\Documents and Settings\ronald\Meus documentos\physlets\physlets\classes\Sync.jar --> penta3.ufrgs.br /home/ronald/physlets/physlets/classes Sync.jar
104.01.26 18:09 B C:\Documents and Settings\ronald\Meus documentos\physlets\physlets\classes\Sync4_.jar --> penta3.ufrgs.br /home/ronald/physlets/physlets/classes Sync4_.jar
104.01.26 18:09 B C:\Documents and Settings\ronald\Meus documentos\physlets\physlets\classes\WS_FTP.LOG --> penta3.ufrgs.br /home/ronald/physlets/physlets/classes WS_FTP.LOG
2004.02.05 17:10 B c:\Documents and Settings\ronald\Meus documentos\physlets\physlets\classes\2lrhands.gif --> penta3.ufrgs.br /fisica/physlets/physlets/classes 2lrhands.gif
2004.02.05 17:10 B c:\Documents and Settings\ronald\Meus documentos\physlets\physlets\classes\2udhands.gif --> penta3.ufrgs.br /fisica/physlets/physlets/classes 2udhands.gif
2004.02.05 17:10 B c:\Documents and Settings\ronald\Meus documentos\physlets\physlets\classes\4hands.gif --> penta3.ufrgs.br /fisica/physlets/physlets/classes 4hands.gif
2004.02.05 17:10 B c:\Documents and Settings\ronald\Meus documentos\physlets\physlets\classes\Animator3_.jar --> penta3.ufrgs.br /fisica/physlets/physlets/classes Animator3_.jar
2004.02.05 17:10 B c:\Documents and Settings\ronald\Meus documentos\physlets\physlets\classes\Animator4_.jar --> penta3.ufrgs.br /fisica/physlets/physlets/classes Animator4_.jar
2004.02.05 17:10 B c:\Documents and Settings\ronald\Meus documentos\physlets\physlets\classes\Bar4_.jar --> penta3.ufrgs.br /fisica/physlets/physlets/classes Bar4_.jar
2004.02.05 17:10 B c:\Documents and Settings\ronald\Meus documentos\physlets\physlets\classes\BField.jar --> penta3.ufrgs.br /fisica/physlets/physlets/classes BField.jar
2004.02.05 17:10 B c:\Documents and Settings\ronald\Meus documentos\physlets\physlets\classes\BField4_.jar --> penta3.ufrgs.br /fisica/physlets/physlets/classes BField4_.jar
2004.02.05 17:10 B c:\Documents and Settings\ronald\Meus documentos\physlets\physlets\classes\BlackBody.jar --> penta3.ufrgs.br /fisica/physlets/physlets/classes BlackBody.jar
2004.02.05 17:10 B c:\Documents and Settings\ronald\Meus documentos\physlets\physlets\classes\BlackBody4_.jar --> penta3.ufrgs.br /fisica/physlets/physlets/classes BlackBody4_.jar
2004.02.05 17:10 B c:\Documents and Settings\ronald\Meus documentos\physlets\physlets\classes\Circuit.jar --> penta3.ufrgs.br /fisica/physlets/physlets/classes Circuit.jar
2004.02.05 17:10 B c:\Documents and Settings\ronald\Meus documentos\physlets\physlets\classes\Circuit4_.jar --> penta3.ufrgs.br /fisica/physlets/physlets/classes Circuit4_.jar
2004.02.05 17:10 B c:\Documents and Settings\ronald\Meus documentos\physlets\physlets\classes\DataGraph.jar --> penta3.ufrgs.br /fisica/physlets/physlets/classes DataGraph.jar
2004.02.05 17:10 B c:\Documents and Settings\ronald\Meus documentos\physlets\physlets\classes\DataGraph4_.jar --> penta3.ufrgs.br /fisica/physlets/physlets/classes DataGraph4_.jar
2004.02.05 17:10 B c:\Documents and Settings\ronald\Meus documentos\physlets\physlets\classes\DataTable4_.jar --> penta3.ufrgs.br /fisica/physlets/physlets/classes DataTable4_.jar
2004.02.05 17:10 B c:\Documents and Settings\ronald\Meus documentos\physlets\physlets\classes\Doppler.jar --> penta3.ufrgs.br /fisica/physlets/physlets/classes Doppler.jar
2004.02.05 17:10 B c:\Documents and Settings\ronald\Meus documentos\physlets\physlets\classes\EField4_.jar --> penta3.ufrgs.br /fisica/physlets/physlets/classes EField4_.jar
2004.02.05 17:10 B c:\Documents and Settings\ronald\Meus documentos\physlets\physlets\classes\EMWave.jar --> penta3.ufrgs.br /fisica/physlets/physlets/classes EMWave.jar
2004.02.05 17:10 B c:\Documents and Settings\ronald\Meus documentos\physlets\physlets\classes\EMWave4_.jar --> penta3.ufrgs.br /fisica/physlets/physlets/classes EMWave4_.jar
2004.02.05 17:10 B c:\Documents and Settings\ronald\Meus documentos\physlets\physlets\classes\EnergyEigenvalue4_.jar --> penta3.ufrgs.br /fisica/physlets/physlets/classes EnergyEigenvalue4_.jar
2004.02.05 17:10 B c:\Documents and Settings\ronald\Meus documentos\physlets\physlets\classes\Faraday.jar --> penta3.ufrgs.br /fisica/physlets/physlets/classes Faraday.jar
2004.02.05 17:10 B c:\Documents and Settings\ronald\Meus documentos\physlets\physlets\classes\Faraday4_.jar --> penta3.ufrgs.br /fisica/physlets/physlets/classes Faraday4_.jar
2004.02.05 17:10 B c:\Documents and Settings\ronald\Meus documentos\physlets\physlets\classes\Filters4_.jar --> penta3.ufrgs.br /fisica/physlets/physlets/classes Filters4_.jar
2004.02.05 17:10 B c:\Documents and Settings\ronald\Meus documentos\physlets\physlets\classes\flash.gif --> penta3.ufrgs.br /fisica/physlets/physlets/classes flash.gif
2004.02.05 17:10 B c:\Documents and Settings\ronald\Meus documentos\physlets\physlets\classes\Hydrogenic.jar --> penta3.ufrgs.br /fisica/physlets/physlets/classes Hydrogenic.jar
2004.02.05 17:10 B c:\Documents and Settings\ronald\Meus documentos\physlets\physlets\classes\Hydrogenic4_.jar --> penta3.ufrgs.br /fisica/physlets/physlets/classes Hydrogenic4_.jar
2004.02.05 17:10 B c:\Documents and Settings\ronald\Meus documentos\physlets\physlets\classes\Molecular4_.jar --> penta3.ufrgs.br /fisica/physlets/physlets/classes Molecular4_.jar
2004.02.05 17:10 B c:\Documents and Settings\ronald\Meus documentos\physlets\physlets\classes\Optics.jar --> penta3.ufrgs.br /fisica/physlets/physlets/classes Optics.jar
2004.02.05 17:10 B c:\Documents and Settings\ronald\Meus documentos\physlets\physlets\classes\Optics4_.jar --> penta3.ufrgs.br /fisica/physlets/physlets/classes Optics4_.jar
2004.02.05 17:10 B c:\Documents and Settings\ronald\Meus documentos\physlets\physlets\classes\pencil.gif --> penta3.ufrgs.br /fisica/physlets/physlets/classes pencil.gif
2004.02.05 17:10 B c:\Documents and Settings\ronald\Meus documentos\physlets\physlets\classes\Pipes4_.jar --> penta3.ufrgs.br /fisica/physlets/physlets/classes Pipes4_.jar
2004.02.05 17:10 B c:\Documents and Settings\ronald\Meus documentos\physlets\physlets\classes\Poisson4_.jar --> penta3.ufrgs.br /fisica/physlets/physlets/classes Poisson4_.jar
2004.02.05 17:10 B c:\Documents and Settings\ronald\Meus documentos\physlets\physlets\classes\QTime.jar --> penta3.ufrgs.br /fisica/physlets/physlets/classes QTime.jar
2004.02.05 17:10 B c:\Documents and Settings\ronald\Meus documentos\physlets\physlets\classes\QTime4_.jar --> penta3.ufrgs.br /fisica/physlets/physlets/classes QTime4_.jar
2004.02.05 17:10 B c:\Documents and Settings\ronald\Meus documentos\physlets\physlets\classes\Ripple.jar --> penta3.ufrgs.br /fisica/physlets/physlets/classes Ripple.jar
2004.02.05 17:10 B c:\Documents and Settings\ronald\Meus documentos\physlets\physlets\classes\Ripple4_.jar --> penta3.ufrgs.br /fisica/physlets/physlets/classes Ripple4_.jar
2004.02.05 17:10 B c:\Documents and Settings\ronald\Meus documentos\physlets\physlets\classes\SGraphics.jar --> penta3.ufrgs.br /fisica/physlets/physlets/classes SGraphics.jar
2004.02.05 17:10 B c:\Documents and Settings\ronald\Meus documentos\physlets\physlets\classes\Slider4_.jar --> penta3.ufrgs.br /fisica/physlets/physlets/classes Slider4_.jar
2004.02.05 17:10 B c:\Documents and Settings\ronald\Meus documentos\physlets\physlets\classes\smallball.gif --> penta3.ufrgs.br /fisica/physlets/physlets/classes smallball.gif
2004.02.05 17:10 B c:\Documents and Settings\ronald\Meus documentos\physlets\physlets\classes\smallpin.gif --> penta3.ufrgs.br /fisica/physlets/physlets/classes smallpin.gif
2004.02.05 17:10 B c:\Documents and Settings\ronald\Meus documentos\physlets\physlets\classes\SoundOut.jar --> penta3.ufrgs.br /fisica/physlets/physlets/classes SoundOut.jar
2004.02.05 17:10 B c:\Documents and Settings\ronald\Meus documentos\physlets\physlets\classes\SPlotter4_.jar --> penta3.ufrgs.br /fisica/physlets/physlets/classes SPlotter4_.jar
2004.02.05 17:10 B c:\Documents and Settings\ronald\Meus documentos\physlets\physlets\classes\STools.jar --> penta3.ufrgs.br /fisica/physlets/physlets/classes STools.jar
2004.02.05 17:10 B c:\Documents and Settings\ronald\Meus documentos\physlets\physlets\classes\STools4.jar --> penta3.ufrgs.br /fisica/physlets/physlets/classes STools4.jar
2004.02.05 17:10 B c:\Documents and Settings\ronald\Meus documentos\physlets\physlets\classes\Superposition.jar --> penta3.ufrgs.br /fisica/physlets/physlets/classes Superposition.jar
2004.02.05 17:10 B c:\Documents and Settings\ronald\Meus documentos\physlets\physlets\classes\Superposition4_.jar --> penta3.ufrgs.br /fisica/physlets/physlets/classes Superposition4_.jar
2004.02.05 17:10 B c:\Documents and Settings\ronald\Meus documentos\physlets\physlets\classes\Sync.jar --> penta3.ufrgs.br /fisica/physlets/physlets/classes Sync.jar
2004.02.05 17:10 B c:\Documents and Settings\ronald\Meus documentos\physlets\physlets\classes\Sync4_.jar --> penta3.ufrgs.br /fisica/physlets/physlets/classes Sync4_.jar
